<?xml version="1.0" encoding="UTF-8"?>
<testsuite name="tests.WebQuizEngineTest" tests="1" skipped="0" failures="0" errors="0" timestamp="2020-10-21T16:43:06" hostname="ADENISOV" time="68.63">
  <properties/>
  <testcase name="start" classname="tests.WebQuizEngineTest" time="68.63"/>
  <system-out><![CDATA[?[1;31m
Start test 1?[0m

  .   ____          _            __ _ _
 /\\ / ___'_ __ _ _(_)_ __  __ _ \ \ \ \
( ( )\___ | '_ | '_| | '_ \/ _` | \ \ \ \
 \\/  ___)| |_)| | | | | || (_| |  ) ) ) )
  '  |____| .__|_| |_|_| |_\__, | / / / /
 =========|_|==============|___/=/_/_/_/
 :: Spring Boot ::        (v2.2.2.RELEASE)

2020-10-21 19:43:08.052  INFO 19104 --- [    Test worker] engine.WebQuizEngine                     : Starting WebQuizEngine on adenisov with PID 19104 (started by adenisov in C:\Users\adenisov\IdeaProjects\Web Quiz Engine\Web Quiz Engine\task)
2020-10-21 19:43:08.065  INFO 19104 --- [    Test worker] engine.WebQuizEngine                     : No active profile set, falling back to default profiles: default
2020-10-21 19:43:10.906  INFO 19104 --- [    Test worker] .s.d.r.c.RepositoryConfigurationDelegate : Bootstrapping Spring Data JPA repositories in DEFAULT mode.
2020-10-21 19:43:11.126  INFO 19104 --- [    Test worker] .s.d.r.c.RepositoryConfigurationDelegate : Finished Spring Data repository scanning in 198ms. Found 6 JPA repository interfaces.
2020-10-21 19:43:13.141  INFO 19104 --- [    Test worker] trationDelegate$BeanPostProcessorChecker : Bean 'org.springframework.transaction.annotation.ProxyTransactionManagementConfiguration' of type [org.springframework.transaction.annotation.ProxyTransactionManagementConfiguration] is not eligible for getting processed by all BeanPostProcessors (for example: not eligible for auto-proxying)
2020-10-21 19:43:13.198  INFO 19104 --- [    Test worker] trationDelegate$BeanPostProcessorChecker : Bean 'org.springframework.hateoas.config.HateoasConfiguration' of type [org.springframework.hateoas.config.HateoasConfiguration$$EnhancerBySpringCGLIB$$d64f6e52] is not eligible for getting processed by all BeanPostProcessors (for example: not eligible for auto-proxying)
2020-10-21 19:43:13.249  INFO 19104 --- [    Test worker] trationDelegate$BeanPostProcessorChecker : Bean 'relProviderPluginRegistry' of type [org.springframework.plugin.core.support.PluginRegistryFactoryBean] is not eligible for getting processed by all BeanPostProcessors (for example: not eligible for auto-proxying)
2020-10-21 19:43:13.265  INFO 19104 --- [    Test worker] trationDelegate$BeanPostProcessorChecker : Bean 'relProviderPluginRegistry' of type [org.springframework.plugin.core.OrderAwarePluginRegistry] is not eligible for getting processed by all BeanPostProcessors (for example: not eligible for auto-proxying)
2020-10-21 19:43:13.277  INFO 19104 --- [    Test worker] trationDelegate$BeanPostProcessorChecker : Bean '_relProvider' of type [org.springframework.hateoas.server.core.DelegatingLinkRelationProvider] is not eligible for getting processed by all BeanPostProcessors (for example: not eligible for auto-proxying)
2020-10-21 19:43:13.290  INFO 19104 --- [    Test worker] trationDelegate$BeanPostProcessorChecker : Bean 'messageResolver' of type [org.springframework.hateoas.mediatype.MessageSourceResolver] is not eligible for getting processed by all BeanPostProcessors (for example: not eligible for auto-proxying)
2020-10-21 19:43:13.292  INFO 19104 --- [    Test worker] trationDelegate$BeanPostProcessorChecker : Bean 'org.springframework.hateoas.mediatype.hal.HalMediaTypeConfiguration' of type [org.springframework.hateoas.mediatype.hal.HalMediaTypeConfiguration$$EnhancerBySpringCGLIB$$3043fd27] is not eligible for getting processed by all BeanPostProcessors (for example: not eligible for auto-proxying)
2020-10-21 19:43:13.300  INFO 19104 --- [    Test worker] trationDelegate$BeanPostProcessorChecker : Bean 'org.springframework.boot.autoconfigure.jackson.JacksonAutoConfiguration$JacksonObjectMapperConfiguration' of type [org.springframework.boot.autoconfigure.jackson.JacksonAutoConfiguration$JacksonObjectMapperConfiguration] is not eligible for getting processed by all BeanPostProcessors (for example: not eligible for auto-proxying)
2020-10-21 19:43:13.304  INFO 19104 --- [    Test worker] trationDelegate$BeanPostProcessorChecker : Bean 'org.springframework.boot.autoconfigure.jackson.JacksonAutoConfiguration$JacksonObjectMapperBuilderConfiguration' of type [org.springframework.boot.autoconfigure.jackson.JacksonAutoConfiguration$JacksonObjectMapperBuilderConfiguration] is not eligible for getting processed by all BeanPostProcessors (for example: not eligible for auto-proxying)
2020-10-21 19:43:13.316  INFO 19104 --- [    Test worker] trationDelegate$BeanPostProcessorChecker : Bean 'org.springframework.boot.autoconfigure.jackson.JacksonAutoConfiguration$Jackson2ObjectMapperBuilderCustomizerConfiguration' of type [org.springframework.boot.autoconfigure.jackson.JacksonAutoConfiguration$Jackson2ObjectMapperBuilderCustomizerConfiguration] is not eligible for getting processed by all BeanPostProcessors (for example: not eligible for auto-proxying)
2020-10-21 19:43:13.364  INFO 19104 --- [    Test worker] trationDelegate$BeanPostProcessorChecker : Bean 'spring.jackson-org.springframework.boot.autoconfigure.jackson.JacksonProperties' of type [org.springframework.boot.autoconfigure.jackson.JacksonProperties] is not eligible for getting processed by all BeanPostProcessors (for example: not eligible for auto-proxying)
2020-10-21 19:43:13.367  INFO 19104 --- [    Test worker] trationDelegate$BeanPostProcessorChecker : Bean 'standardJacksonObjectMapperBuilderCustomizer' of type [org.springframework.boot.autoconfigure.jackson.JacksonAutoConfiguration$Jackson2ObjectMapperBuilderCustomizerConfiguration$StandardJackson2ObjectMapperBuilderCustomizer] is not eligible for getting processed by all BeanPostProcessors (for example: not eligible for auto-proxying)
2020-10-21 19:43:13.376  INFO 19104 --- [    Test worker] trationDelegate$BeanPostProcessorChecker : Bean 'org.springframework.data.web.config.SpringDataJacksonConfiguration' of type [org.springframework.data.web.config.SpringDataJacksonConfiguration] is not eligible for getting processed by all BeanPostProcessors (for example: not eligible for auto-proxying)
2020-10-21 19:43:13.396  INFO 19104 --- [    Test worker] trationDelegate$BeanPostProcessorChecker : Bean 'jacksonGeoModule' of type [org.springframework.data.geo.GeoModule] is not eligible for getting processed by all BeanPostProcessors (for example: not eligible for auto-proxying)
2020-10-21 19:43:13.399  INFO 19104 --- [    Test worker] trationDelegate$BeanPostProcessorChecker : Bean 'org.springframework.boot.autoconfigure.jackson.JacksonAutoConfiguration$ParameterNamesModuleConfiguration' of type [org.springframework.boot.autoconfigure.jackson.JacksonAutoConfiguration$ParameterNamesModuleConfiguration] is not eligible for getting processed by all BeanPostProcessors (for example: not eligible for auto-proxying)
2020-10-21 19:43:13.405  INFO 19104 --- [    Test worker] trationDelegate$BeanPostProcessorChecker : Bean 'parameterNamesModule' of type [com.fasterxml.jackson.module.paramnames.ParameterNamesModule] is not eligible for getting processed by all BeanPostProcessors (for example: not eligible for auto-proxying)
2020-10-21 19:43:13.407  INFO 19104 --- [    Test worker] trationDelegate$BeanPostProcessorChecker : Bean 'org.springframework.boot.autoconfigure.jackson.JacksonAutoConfiguration' of type [org.springframework.boot.autoconfigure.jackson.JacksonAutoConfiguration] is not eligible for getting processed by all BeanPostProcessors (for example: not eligible for auto-proxying)
2020-10-21 19:43:13.430  INFO 19104 --- [    Test worker] trationDelegate$BeanPostProcessorChecker : Bean 'jsonComponentModule' of type [org.springframework.boot.jackson.JsonComponentModule] is not eligible for getting processed by all BeanPostProcessors (for example: not eligible for auto-proxying)
2020-10-21 19:43:13.439  INFO 19104 --- [    Test worker] trationDelegate$BeanPostProcessorChecker : Bean 'jacksonObjectMapperBuilder' of type [org.springframework.http.converter.json.Jackson2ObjectMapperBuilder] is not eligible for getting processed by all BeanPostProcessors (for example: not eligible for auto-proxying)
2020-10-21 19:43:13.473  INFO 19104 --- [    Test worker] trationDelegate$BeanPostProcessorChecker : Bean 'jacksonObjectMapper' of type [com.fasterxml.jackson.databind.ObjectMapper] is not eligible for getting processed by all BeanPostProcessors (for example: not eligible for auto-proxying)
2020-10-21 19:43:13.555  INFO 19104 --- [    Test worker] trationDelegate$BeanPostProcessorChecker : Bean 'hypermediaWebMvcConverters' of type [org.springframework.hateoas.config.WebConverters] is not eligible for getting processed by all BeanPostProcessors (for example: not eligible for auto-proxying)
2020-10-21 19:43:14.370  INFO 19104 --- [    Test worker] o.s.b.w.embedded.tomcat.TomcatWebServer  : Tomcat initialized with port(s): 8889 (http)
2020-10-21 19:43:14.403  INFO 19104 --- [    Test worker] o.apache.catalina.core.StandardService   : Starting service [Tomcat]
2020-10-21 19:43:14.403  INFO 19104 --- [    Test worker] org.apache.catalina.core.StandardEngine  : Starting Servlet engine: [Apache Tomcat/9.0.29]
2020-10-21 19:43:14.738  INFO 19104 --- [    Test worker] o.a.c.c.C.[Tomcat].[localhost].[/]       : Initializing Spring embedded WebApplicationContext
2020-10-21 19:43:14.740  INFO 19104 --- [    Test worker] o.s.web.context.ContextLoader            : Root WebApplicationContext: initialization completed in 6349 ms
2020-10-21 19:43:15.497  INFO 19104 --- [    Test worker] com.zaxxer.hikari.HikariDataSource       : HikariPool-1 - Starting...
2020-10-21 19:43:16.414  INFO 19104 --- [    Test worker] com.zaxxer.hikari.HikariDataSource       : HikariPool-1 - Start completed.
2020-10-21 19:43:16.433  INFO 19104 --- [    Test worker] o.s.b.a.h2.H2ConsoleAutoConfiguration    : H2 console available at '/h2-console'. Database available at 'jdbc:h2:file:../quizdb'
2020-10-21 19:43:18.933  INFO 19104 --- [    Test worker] o.hibernate.jpa.internal.util.LogHelper  : HHH000204: Processing PersistenceUnitInfo [name: default]
2020-10-21 19:43:19.183  INFO 19104 --- [    Test worker] org.hibernate.Version                    : HHH000412: Hibernate Core {5.4.9.Final}
2020-10-21 19:43:19.794  INFO 19104 --- [    Test worker] o.hibernate.annotations.common.Version   : HCANN000001: Hibernate Commons Annotations {5.1.0.Final}
2020-10-21 19:43:20.198  INFO 19104 --- [    Test worker] org.hibernate.dialect.Dialect            : HHH000400: Using dialect: org.hibernate.dialect.H2Dialect
Hibernate: create table answer (answerid bigint generated by default as identity, answer integer, quizid bigint, primary key (answerid))
Hibernate: create table options (optionsid bigint generated by default as identity, options varchar(255), quizid bigint, primary key (optionsid))
Hibernate: create table quiz (quizid bigint generated by default as identity, text varchar(255), title varchar(255), userid bigint, primary key (quizid))
Hibernate: create table quiz_completed_ent (quizcomplid bigint generated by default as identity, completed_at timestamp, quizid bigint, result boolean, userid bigint, primary key (quizcomplid))
Hibernate: create table quiz_ent_answer (quiz_ent_quizid bigint not null, answer integer)
Hibernate: create table quiz_ent_options (quiz_ent_quizid bigint not null, options varchar(255))
Hibernate: create table user (userid bigint generated by default as identity, email varchar(255), password varchar(255), primary key (userid))
Hibernate: alter table user drop constraint if exists UK_ob8kqyqqgmefl0aco34akdtpe
Hibernate: alter table user add constraint UK_ob8kqyqqgmefl0aco34akdtpe unique (email)
Hibernate: alter table answer add constraint FKkn1k8227g02dvuqknjdojegtj foreign key (quizid) references quiz
Hibernate: alter table options add constraint FK8f287hqetl42wt2kn133gtssv foreign key (quizid) references quiz
Hibernate: alter table quiz add constraint FKbduqowuxvrrbg85ld1fm2wdv5 foreign key (userid) references user
Hibernate: alter table quiz_completed_ent add constraint FK3ckym3imkk8dk27xll305blso foreign key (userid) references user
Hibernate: alter table quiz_ent_answer add constraint FK6jjf0qwof0navt6i3i68xcp6t foreign key (quiz_ent_quizid) references quiz
Hibernate: alter table quiz_ent_options add constraint FKfi2wqe0vwn66l4ajv92mvvg60 foreign key (quiz_ent_quizid) references quiz
2020-10-21 19:43:23.145  INFO 19104 --- [    Test worker] o.h.e.t.j.p.i.JtaPlatformInitiator       : HHH000490: Using JtaPlatform implementation: [org.hibernate.engine.transaction.jta.platform.internal.NoJtaPlatform]
2020-10-21 19:43:23.166  INFO 19104 --- [    Test worker] j.LocalContainerEntityManagerFactoryBean : Initialized JPA EntityManagerFactory for persistence unit 'default'
2020-10-21 19:43:24.578  WARN 19104 --- [    Test worker] JpaBaseConfiguration$JpaWebConfiguration : spring.jpa.open-in-view is enabled by default. Therefore, database queries may be performed during view rendering. Explicitly configure spring.jpa.open-in-view to disable this warning
2020-10-21 19:43:26.018  INFO 19104 --- [    Test worker] o.s.s.concurrent.ThreadPoolTaskExecutor  : Initializing ExecutorService 'applicationTaskExecutor'
2020-10-21 19:43:27.162  INFO 19104 --- [    Test worker] o.s.s.web.DefaultSecurityFilterChain     : Creating filter chain: any request, [org.springframework.security.web.context.request.async.WebAsyncManagerIntegrationFilter@11db0420, org.springframework.security.web.context.SecurityContextPersistenceFilter@41946773, org.springframework.security.web.header.HeaderWriterFilter@32d6d5ad, org.springframework.security.web.authentication.logout.LogoutFilter@2a8a3dd0, org.springframework.security.web.authentication.www.BasicAuthenticationFilter@5a73a3ee, org.springframework.security.web.savedrequest.RequestCacheAwareFilter@6708aa55, org.springframework.security.web.servletapi.SecurityContextHolderAwareRequestFilter@2fa72aac, org.springframework.security.web.authentication.AnonymousAuthenticationFilter@5a500b40, org.springframework.security.web.access.ExceptionTranslationFilter@284753fd, org.springframework.security.web.access.intercept.FilterSecurityInterceptor@1ab21807]
2020-10-21 19:43:27.316  INFO 19104 --- [    Test worker] o.s.b.a.e.web.EndpointLinksResolver      : Exposing 14 endpoint(s) beneath base path '/actuator'
2020-10-21 19:43:27.542  INFO 19104 --- [    Test worker] o.s.b.w.embedded.tomcat.TomcatWebServer  : Tomcat started on port(s): 8889 (http) with context path ''
2020-10-21 19:43:27.548  INFO 19104 --- [    Test worker] engine.WebQuizEngine                     : Started WebQuizEngine in 20.926 seconds (JVM running for 24.055)
2020-10-21 19:43:28.302  INFO 19104 --- [nio-8889-exec-1] o.a.c.c.C.[Tomcat].[localhost].[/]       : Initializing Spring DispatcherServlet 'dispatcherServlet'
2020-10-21 19:43:28.304  INFO 19104 --- [nio-8889-exec-1] o.s.web.servlet.DispatcherServlet        : Initializing Servlet 'dispatcherServlet'
2020-10-21 19:43:28.348  INFO 19104 --- [nio-8889-exec-1] o.s.web.servlet.DispatcherServlet        : Completed initialization in 43 ms
Hibernate: select user0_.userid as userid1_6_, user0_.email as email2_6_, user0_.password as password3_6_ from user user0_ where user0_.email=?
Hibernate: insert into user (userid, email, password) values (null, ?, ?)
?[1;31m
Start test 2?[0m
Hibernate: select user0_.userid as userid1_6_, user0_.email as email2_6_, user0_.password as password3_6_ from user user0_ where user0_.email=?
Hibernate: insert into user (userid, email, password) values (null, ?, ?)
?[1;31m
Start test 3?[0m
2020-10-21 19:43:29.416  WARN 19104 --- [nio-8889-exec-3] .w.s.m.s.DefaultHandlerExceptionResolver : Resolved [org.springframework.web.bind.MethodArgumentNotValidException: Validation failed for argument [0] in public org.springframework.http.ResponseEntity engine.Controller.QuizController.registerUser(engine.Entities.User): [Field error in object 'user' on field 'email': rejected value [google.com]; codes [Pattern.user.email,Pattern.email,Pattern.java.lang.String,Pattern]; arguments [org.springframework.context.support.DefaultMessageSourceResolvable: codes [user.email,email]; arguments []; default message [email],[Ljavax.validation.constraints.Pattern$Flag;@6692f953,.+@.+\..+]; default message [invalid email format]] ]
?[1;31m
Start test 4?[0m
2020-10-21 19:43:29.533  WARN 19104 --- [nio-8889-exec-4] .w.s.m.s.DefaultHandlerExceptionResolver : Resolved [org.springframework.web.bind.MethodArgumentNotValidException: Validation failed for argument [0] in public org.springframework.http.ResponseEntity engine.Controller.QuizController.registerUser(engine.Entities.User): [Field error in object 'user' on field 'email': rejected value [well@googlecom]; codes [Pattern.user.email,Pattern.email,Pattern.java.lang.String,Pattern]; arguments [org.springframework.context.support.DefaultMessageSourceResolvable: codes [user.email,email]; arguments []; default message [email],[Ljavax.validation.constraints.Pattern$Flag;@6692f953,.+@.+\..+]; default message [invalid email format]] ]
?[1;31m
Start test 5?[0m
Hibernate: select user0_.userid as userid1_6_, user0_.email as email2_6_, user0_.password as password3_6_ from user user0_ where user0_.email=?
?[1;31m
Start test 6?[0m
2020-10-21 19:43:29.638  WARN 19104 --- [nio-8889-exec-6] .w.s.m.s.DefaultHandlerExceptionResolver : Resolved [org.springframework.web.bind.MethodArgumentNotValidException: Validation failed for argument [0] in public org.springframework.http.ResponseEntity engine.Controller.QuizController.registerUser(engine.Entities.User): [Field error in object 'user' on field 'password': rejected value [1234]; codes [Size.user.password,Size.password,Size.java.lang.String,Size]; arguments [org.springframework.context.support.DefaultMessageSourceResolvable: codes [user.password,password]; arguments []; default message [password],2147483647,5]; default message [size must be between 5 and 2147483647]] ]
?[1;31m
Start test 7?[0m
2020-10-21 19:43:29.657  WARN 19104 --- [nio-8889-exec-9] .w.s.m.s.DefaultHandlerExceptionResolver : Resolved [org.springframework.web.bind.MethodArgumentNotValidException: Validation failed for argument [0] in public org.springframework.http.ResponseEntity engine.Controller.QuizController.registerUser(engine.Entities.User): [Field error in object 'user' on field 'password': rejected value [123]; codes [Size.user.password,Size.password,Size.java.lang.String,Size]; arguments [org.springframework.context.support.DefaultMessageSourceResolvable: codes [user.password,password]; arguments []; default message [password],2147483647,5]; default message [size must be between 5 and 2147483647]] ]
?[1;31m
Start test 8?[0m
Hibernate: select user0_.userid as userid1_6_, user0_.email as email2_6_, user0_.password as password3_6_ from user user0_ where user0_.email=?
Hibernate: select quizent0_.quizid as quizid1_2_, quizent0_.text as text2_2_, quizent0_.title as title3_2_, quizent0_.userid as userid4_2_ from quiz quizent0_ limit ?
2020-10-21 19:43:31.056  WARN 19104 --- [io-8889-exec-10] o.a.c.util.SessionIdGeneratorBase        : Creation of SecureRandom instance for session ID generation using [SHA1PRNG] took [966] milliseconds.
?[1;31m
Start test 9?[0m
Hibernate: select user0_.userid as userid1_6_, user0_.email as email2_6_, user0_.password as password3_6_ from user user0_ where user0_.email=?
Hibernate: select quizent0_.quizid as quizid1_2_, quizent0_.text as text2_2_, quizent0_.title as title3_2_, quizent0_.userid as userid4_2_ from quiz quizent0_ limit ?
?[1;31m
Start test 10?[0m
Hibernate: select user0_.userid as userid1_6_, user0_.email as email2_6_, user0_.password as password3_6_ from user user0_ where user0_.email=?
Hibernate: select user0_.userid as userid1_6_, user0_.email as email2_6_, user0_.password as password3_6_ from user user0_ where user0_.email=?
Hibernate: insert into quiz (quizid, text, title, userid) values (null, ?, ?, ?)
Hibernate: insert into quiz_ent_answer (quiz_ent_quizid, answer) values (?, ?)
Hibernate: insert into quiz_ent_options (quiz_ent_quizid, options) values (?, ?)
Hibernate: insert into quiz_ent_options (quiz_ent_quizid, options) values (?, ?)
Hibernate: insert into quiz_ent_options (quiz_ent_quizid, options) values (?, ?)
Hibernate: insert into quiz_ent_options (quiz_ent_quizid, options) values (?, ?)
?[1;31m
Start test 11?[0m
Hibernate: select user0_.userid as userid1_6_, user0_.email as email2_6_, user0_.password as password3_6_ from user user0_ where user0_.email=?
Hibernate: select quizent0_.quizid as quizid1_2_0_, quizent0_.text as text2_2_0_, quizent0_.title as title3_2_0_, quizent0_.userid as userid4_2_0_, user1_.userid as userid1_6_1_, user1_.email as email2_6_1_, user1_.password as password3_6_1_ from quiz quizent0_ left outer join user user1_ on quizent0_.userid=user1_.userid where quizent0_.quizid=?
Hibernate: select options0_.quiz_ent_quizid as quiz_ent1_5_0_, options0_.options as options2_5_0_ from quiz_ent_options options0_ where options0_.quiz_ent_quizid=?
?[1;31m
Start test 12?[0m
Hibernate: select user0_.userid as userid1_6_, user0_.email as email2_6_, user0_.password as password3_6_ from user user0_ where user0_.email=?
Hibernate: select quizent0_.quizid as quizid1_2_0_, quizent0_.text as text2_2_0_, quizent0_.title as title3_2_0_, quizent0_.userid as userid4_2_0_, user1_.userid as userid1_6_1_, user1_.email as email2_6_1_, user1_.password as password3_6_1_ from quiz quizent0_ left outer join user user1_ on quizent0_.userid=user1_.userid where quizent0_.quizid=?
?[1;31m
Start test 13?[0m
Hibernate: select user0_.userid as userid1_6_, user0_.email as email2_6_, user0_.password as password3_6_ from user user0_ where user0_.email=?
Hibernate: select quizent0_.quizid as quizid1_2_, quizent0_.text as text2_2_, quizent0_.title as title3_2_, quizent0_.userid as userid4_2_ from quiz quizent0_ limit ?
Hibernate: select user0_.userid as userid1_6_0_, user0_.email as email2_6_0_, user0_.password as password3_6_0_ from user user0_ where user0_.userid=?
Hibernate: select options0_.quiz_ent_quizid as quiz_ent1_5_0_, options0_.options as options2_5_0_ from quiz_ent_options options0_ where options0_.quiz_ent_quizid=?
?[1;31m
Start test 14?[0m
Hibernate: select user0_.userid as userid1_6_, user0_.email as email2_6_, user0_.password as password3_6_ from user user0_ where user0_.email=?
Hibernate: select user0_.userid as userid1_6_, user0_.email as email2_6_, user0_.password as password3_6_ from user user0_ where user0_.email=?
Hibernate: insert into quiz (quizid, text, title, userid) values (null, ?, ?, ?)
Hibernate: insert into quiz_ent_answer (quiz_ent_quizid, answer) values (?, ?)
Hibernate: insert into quiz_ent_options (quiz_ent_quizid, options) values (?, ?)
Hibernate: insert into quiz_ent_options (quiz_ent_quizid, options) values (?, ?)
Hibernate: insert into quiz_ent_options (quiz_ent_quizid, options) values (?, ?)
Hibernate: insert into quiz_ent_options (quiz_ent_quizid, options) values (?, ?)
?[1;31m
Start test 15?[0m
Hibernate: select user0_.userid as userid1_6_, user0_.email as email2_6_, user0_.password as password3_6_ from user user0_ where user0_.email=?
Hibernate: select quizent0_.quizid as quizid1_2_0_, quizent0_.text as text2_2_0_, quizent0_.title as title3_2_0_, quizent0_.userid as userid4_2_0_, user1_.userid as userid1_6_1_, user1_.email as email2_6_1_, user1_.password as password3_6_1_ from quiz quizent0_ left outer join user user1_ on quizent0_.userid=user1_.userid where quizent0_.quizid=?
Hibernate: select options0_.quiz_ent_quizid as quiz_ent1_5_0_, options0_.options as options2_5_0_ from quiz_ent_options options0_ where options0_.quiz_ent_quizid=?
?[1;31m
Start test 16?[0m
Hibernate: select user0_.userid as userid1_6_, user0_.email as email2_6_, user0_.password as password3_6_ from user user0_ where user0_.email=?
Hibernate: select quizent0_.quizid as quizid1_2_0_, quizent0_.text as text2_2_0_, quizent0_.title as title3_2_0_, quizent0_.userid as userid4_2_0_, user1_.userid as userid1_6_1_, user1_.email as email2_6_1_, user1_.password as password3_6_1_ from quiz quizent0_ left outer join user user1_ on quizent0_.userid=user1_.userid where quizent0_.quizid=?
?[1;31m
Start test 17?[0m
Hibernate: select user0_.userid as userid1_6_, user0_.email as email2_6_, user0_.password as password3_6_ from user user0_ where user0_.email=?
Hibernate: select quizent0_.quizid as quizid1_2_, quizent0_.text as text2_2_, quizent0_.title as title3_2_, quizent0_.userid as userid4_2_ from quiz quizent0_ limit ?
Hibernate: select user0_.userid as userid1_6_0_, user0_.email as email2_6_0_, user0_.password as password3_6_0_ from user user0_ where user0_.userid=?
Hibernate: select user0_.userid as userid1_6_0_, user0_.email as email2_6_0_, user0_.password as password3_6_0_ from user user0_ where user0_.userid=?
Hibernate: select options0_.quiz_ent_quizid as quiz_ent1_5_0_, options0_.options as options2_5_0_ from quiz_ent_options options0_ where options0_.quiz_ent_quizid=?
Hibernate: select options0_.quiz_ent_quizid as quiz_ent1_5_0_, options0_.options as options2_5_0_ from quiz_ent_options options0_ where options0_.quiz_ent_quizid=?
?[1;31m
Start test 18?[0m
?[1;31m
Start test 19?[0m
?[1;31m
Start test 20?[0m
?[1;31m
Start test 21?[0m
?[1;31m
Start test 22?[0m
?[1;31m
Start test 23?[0m
?[1;31m
Start test 24?[0m
?[1;31m
Start test 25?[0m
?[1;31m
Start test 26?[0m
Hibernate: select user0_.userid as userid1_6_, user0_.email as email2_6_, user0_.password as password3_6_ from user user0_ where user0_.email=?
?[1;31m
Start test 27?[0m
Hibernate: select user0_.userid as userid1_6_, user0_.email as email2_6_, user0_.password as password3_6_ from user user0_ where user0_.email=?
?[1;31m
Start test 28?[0m
Hibernate: select user0_.userid as userid1_6_, user0_.email as email2_6_, user0_.password as password3_6_ from user user0_ where user0_.email=?
?[1;31m
Start test 29?[0m
Hibernate: select user0_.userid as userid1_6_, user0_.email as email2_6_, user0_.password as password3_6_ from user user0_ where user0_.email=?
?[1;31m
Start test 30?[0m
Hibernate: select user0_.userid as userid1_6_, user0_.email as email2_6_, user0_.password as password3_6_ from user user0_ where user0_.email=?
?[1;31m
Start test 31?[0m
Hibernate: select user0_.userid as userid1_6_, user0_.email as email2_6_, user0_.password as password3_6_ from user user0_ where user0_.email=?
?[1;31m
Start test 32?[0m
Hibernate: select user0_.userid as userid1_6_, user0_.email as email2_6_, user0_.password as password3_6_ from user user0_ where user0_.email=?
?[1;31m
Start test 33?[0m
Hibernate: select user0_.userid as userid1_6_, user0_.email as email2_6_, user0_.password as password3_6_ from user user0_ where user0_.email=?
?[1;31m
Start test 34?[0m
Hibernate: select user0_.userid as userid1_6_, user0_.email as email2_6_, user0_.password as password3_6_ from user user0_ where user0_.email=?
Hibernate: select quizent0_.quizid as quizid1_2_0_, quizent0_.text as text2_2_0_, quizent0_.title as title3_2_0_, quizent0_.userid as userid4_2_0_, user1_.userid as userid1_6_1_, user1_.email as email2_6_1_, user1_.password as password3_6_1_ from quiz quizent0_ left outer join user user1_ on quizent0_.userid=user1_.userid where quizent0_.quizid=?
Hibernate: select user0_.userid as userid1_6_, user0_.email as email2_6_, user0_.password as password3_6_ from user user0_ where user0_.email=?
Hibernate: select answer0_.quiz_ent_quizid as quiz_ent1_4_0_, answer0_.answer as answer2_4_0_ from quiz_ent_answer answer0_ where answer0_.quiz_ent_quizid=?
Hibernate: insert into quiz_completed_ent (quizcomplid, completed_at, quizid, result, userid) values (null, ?, ?, ?, ?)
?[1;31m
Start test 35?[0m
Hibernate: select user0_.userid as userid1_6_, user0_.email as email2_6_, user0_.password as password3_6_ from user user0_ where user0_.email=?
Hibernate: select quizent0_.quizid as quizid1_2_0_, quizent0_.text as text2_2_0_, quizent0_.title as title3_2_0_, quizent0_.userid as userid4_2_0_, user1_.userid as userid1_6_1_, user1_.email as email2_6_1_, user1_.password as password3_6_1_ from quiz quizent0_ left outer join user user1_ on quizent0_.userid=user1_.userid where quizent0_.quizid=?
Hibernate: select user0_.userid as userid1_6_, user0_.email as email2_6_, user0_.password as password3_6_ from user user0_ where user0_.email=?
Hibernate: select answer0_.quiz_ent_quizid as quiz_ent1_4_0_, answer0_.answer as answer2_4_0_ from quiz_ent_answer answer0_ where answer0_.quiz_ent_quizid=?
Hibernate: insert into quiz_completed_ent (quizcomplid, completed_at, quizid, result, userid) values (null, ?, ?, ?, ?)
?[1;31m
Start test 36?[0m
Hibernate: select user0_.userid as userid1_6_, user0_.email as email2_6_, user0_.password as password3_6_ from user user0_ where user0_.email=?
Hibernate: select quizent0_.quizid as quizid1_2_0_, quizent0_.text as text2_2_0_, quizent0_.title as title3_2_0_, quizent0_.userid as userid4_2_0_, user1_.userid as userid1_6_1_, user1_.email as email2_6_1_, user1_.password as password3_6_1_ from quiz quizent0_ left outer join user user1_ on quizent0_.userid=user1_.userid where quizent0_.quizid=?
Hibernate: select user0_.userid as userid1_6_, user0_.email as email2_6_, user0_.password as password3_6_ from user user0_ where user0_.email=?
Hibernate: select answer0_.quiz_ent_quizid as quiz_ent1_4_0_, answer0_.answer as answer2_4_0_ from quiz_ent_answer answer0_ where answer0_.quiz_ent_quizid=?
Hibernate: insert into quiz_completed_ent (quizcomplid, completed_at, quizid, result, userid) values (null, ?, ?, ?, ?)
?[1;31m
Start test 37?[0m
Hibernate: select user0_.userid as userid1_6_, user0_.email as email2_6_, user0_.password as password3_6_ from user user0_ where user0_.email=?
Hibernate: select quizent0_.quizid as quizid1_2_0_, quizent0_.text as text2_2_0_, quizent0_.title as title3_2_0_, quizent0_.userid as userid4_2_0_, user1_.userid as userid1_6_1_, user1_.email as email2_6_1_, user1_.password as password3_6_1_ from quiz quizent0_ left outer join user user1_ on quizent0_.userid=user1_.userid where quizent0_.quizid=?
Hibernate: select user0_.userid as userid1_6_, user0_.email as email2_6_, user0_.password as password3_6_ from user user0_ where user0_.email=?
Hibernate: select answer0_.quiz_ent_quizid as quiz_ent1_4_0_, answer0_.answer as answer2_4_0_ from quiz_ent_answer answer0_ where answer0_.quiz_ent_quizid=?
Hibernate: insert into quiz_completed_ent (quizcomplid, completed_at, quizid, result, userid) values (null, ?, ?, ?, ?)
?[1;31m
Start test 38?[0m
Hibernate: select user0_.userid as userid1_6_, user0_.email as email2_6_, user0_.password as password3_6_ from user user0_ where user0_.email=?
Hibernate: select quizent0_.quizid as quizid1_2_0_, quizent0_.text as text2_2_0_, quizent0_.title as title3_2_0_, quizent0_.userid as userid4_2_0_, user1_.userid as userid1_6_1_, user1_.email as email2_6_1_, user1_.password as password3_6_1_ from quiz quizent0_ left outer join user user1_ on quizent0_.userid=user1_.userid where quizent0_.quizid=?
Hibernate: select user0_.userid as userid1_6_, user0_.email as email2_6_, user0_.password as password3_6_ from user user0_ where user0_.email=?
Hibernate: select answer0_.quiz_ent_quizid as quiz_ent1_4_0_, answer0_.answer as answer2_4_0_ from quiz_ent_answer answer0_ where answer0_.quiz_ent_quizid=?
Hibernate: insert into quiz_completed_ent (quizcomplid, completed_at, quizid, result, userid) values (null, ?, ?, ?, ?)
?[1;31m
Start test 39?[0m
Hibernate: select user0_.userid as userid1_6_, user0_.email as email2_6_, user0_.password as password3_6_ from user user0_ where user0_.email=?
Hibernate: select quizent0_.quizid as quizid1_2_0_, quizent0_.text as text2_2_0_, quizent0_.title as title3_2_0_, quizent0_.userid as userid4_2_0_, user1_.userid as userid1_6_1_, user1_.email as email2_6_1_, user1_.password as password3_6_1_ from quiz quizent0_ left outer join user user1_ on quizent0_.userid=user1_.userid where quizent0_.quizid=?
Hibernate: select user0_.userid as userid1_6_, user0_.email as email2_6_, user0_.password as password3_6_ from user user0_ where user0_.email=?
Hibernate: select answer0_.quiz_ent_quizid as quiz_ent1_4_0_, answer0_.answer as answer2_4_0_ from quiz_ent_answer answer0_ where answer0_.quiz_ent_quizid=?
Hibernate: insert into quiz_completed_ent (quizcomplid, completed_at, quizid, result, userid) values (null, ?, ?, ?, ?)
?[1;31m
Start test 40?[0m
Hibernate: select user0_.userid as userid1_6_, user0_.email as email2_6_, user0_.password as password3_6_ from user user0_ where user0_.email=?
Hibernate: select quizent0_.quizid as quizid1_2_0_, quizent0_.text as text2_2_0_, quizent0_.title as title3_2_0_, quizent0_.userid as userid4_2_0_, user1_.userid as userid1_6_1_, user1_.email as email2_6_1_, user1_.password as password3_6_1_ from quiz quizent0_ left outer join user user1_ on quizent0_.userid=user1_.userid where quizent0_.quizid=?
Hibernate: select user0_.userid as userid1_6_, user0_.email as email2_6_, user0_.password as password3_6_ from user user0_ where user0_.email=?
Hibernate: select answer0_.quiz_ent_quizid as quiz_ent1_4_0_, answer0_.answer as answer2_4_0_ from quiz_ent_answer answer0_ where answer0_.quiz_ent_quizid=?
Hibernate: insert into quiz_completed_ent (quizcomplid, completed_at, quizid, result, userid) values (null, ?, ?, ?, ?)
?[1;31m
Start test 41?[0m
Hibernate: select user0_.userid as userid1_6_, user0_.email as email2_6_, user0_.password as password3_6_ from user user0_ where user0_.email=?
Hibernate: select quizent0_.quizid as quizid1_2_0_, quizent0_.text as text2_2_0_, quizent0_.title as title3_2_0_, quizent0_.userid as userid4_2_0_, user1_.userid as userid1_6_1_, user1_.email as email2_6_1_, user1_.password as password3_6_1_ from quiz quizent0_ left outer join user user1_ on quizent0_.userid=user1_.userid where quizent0_.quizid=?
Hibernate: select user0_.userid as userid1_6_, user0_.email as email2_6_, user0_.password as password3_6_ from user user0_ where user0_.email=?
Hibernate: select answer0_.quiz_ent_quizid as quiz_ent1_4_0_, answer0_.answer as answer2_4_0_ from quiz_ent_answer answer0_ where answer0_.quiz_ent_quizid=?
Hibernate: insert into quiz_completed_ent (quizcomplid, completed_at, quizid, result, userid) values (null, ?, ?, ?, ?)
?[1;31m
Start test 42?[0m
Hibernate: select user0_.userid as userid1_6_, user0_.email as email2_6_, user0_.password as password3_6_ from user user0_ where user0_.email=?
Hibernate: select user0_.userid as userid1_6_, user0_.email as email2_6_, user0_.password as password3_6_ from user user0_ where user0_.email=?
Hibernate: SELECT * FROM QUIZ_COMPLETED_ENT WHERE USERID = ? AND RESULT = ? order by COMPLETED_AT desc limit ?
?[1;31m
Start test 43?[0m
Hibernate: select user0_.userid as userid1_6_, user0_.email as email2_6_, user0_.password as password3_6_ from user user0_ where user0_.email=?
Hibernate: select user0_.userid as userid1_6_, user0_.email as email2_6_, user0_.password as password3_6_ from user user0_ where user0_.email=?
Hibernate: SELECT * FROM QUIZ_COMPLETED_ENT WHERE USERID = ? AND RESULT = ? order by COMPLETED_AT desc limit ?
?[1;31m
Start test 44?[0m
Hibernate: select user0_.userid as userid1_6_, user0_.email as email2_6_, user0_.password as password3_6_ from user user0_ where user0_.email=?
Hibernate: select quizent0_.quizid as quizid1_2_, quizent0_.text as text2_2_, quizent0_.title as title3_2_, quizent0_.userid as userid4_2_ from quiz quizent0_ limit ?
Hibernate: select user0_.userid as userid1_6_0_, user0_.email as email2_6_0_, user0_.password as password3_6_0_ from user user0_ where user0_.userid=?
Hibernate: select user0_.userid as userid1_6_0_, user0_.email as email2_6_0_, user0_.password as password3_6_0_ from user user0_ where user0_.userid=?
Hibernate: select options0_.quiz_ent_quizid as quiz_ent1_5_0_, options0_.options as options2_5_0_ from quiz_ent_options options0_ where options0_.quiz_ent_quizid=?
Hibernate: select options0_.quiz_ent_quizid as quiz_ent1_5_0_, options0_.options as options2_5_0_ from quiz_ent_options options0_ where options0_.quiz_ent_quizid=?
?[1;31m
Start test 45?[0m
Hibernate: select user0_.userid as userid1_6_, user0_.email as email2_6_, user0_.password as password3_6_ from user user0_ where user0_.email=?
Hibernate: select quizent0_.quizid as quizid1_2_, quizent0_.text as text2_2_, quizent0_.title as title3_2_, quizent0_.userid as userid4_2_ from quiz quizent0_ limit ?
Hibernate: select user0_.userid as userid1_6_0_, user0_.email as email2_6_0_, user0_.password as password3_6_0_ from user user0_ where user0_.userid=?
Hibernate: select user0_.userid as userid1_6_0_, user0_.email as email2_6_0_, user0_.password as password3_6_0_ from user user0_ where user0_.userid=?
Hibernate: select options0_.quiz_ent_quizid as quiz_ent1_5_0_, options0_.options as options2_5_0_ from quiz_ent_options options0_ where options0_.quiz_ent_quizid=?
Hibernate: select options0_.quiz_ent_quizid as quiz_ent1_5_0_, options0_.options as options2_5_0_ from quiz_ent_options options0_ where options0_.quiz_ent_quizid=?
?[1;31m
Start test 46?[0m
2020-10-21 19:43:36.095  INFO 19104 --- [       Thread-6] o.s.s.concurrent.ThreadPoolTaskExecutor  : Shutting down ExecutorService 'applicationTaskExecutor'
2020-10-21 19:43:36.101  INFO 19104 --- [       Thread-6] j.LocalContainerEntityManagerFactoryBean : Closing JPA EntityManagerFactory for persistence unit 'default'
2020-10-21 19:43:36.106  INFO 19104 --- [       Thread-6] com.zaxxer.hikari.HikariDataSource       : HikariPool-1 - Shutdown initiated...
2020-10-21 19:43:36.148  INFO 19104 --- [       Thread-6] com.zaxxer.hikari.HikariDataSource       : HikariPool-1 - Shutdown completed.

  .   ____          _            __ _ _
 /\\ / ___'_ __ _ _(_)_ __  __ _ \ \ \ \
( ( )\___ | '_ | '_| | '_ \/ _` | \ \ \ \
 \\/  ___)| |_)| | | | | || (_| |  ) ) ) )
  '  |____| .__|_| |_|_| |_\__, | / / / /
 =========|_|==============|___/=/_/_/_/
 :: Spring Boot ::        (v2.2.2.RELEASE)

2020-10-21 19:43:36.308  INFO 19104 --- [    Test worker] engine.WebQuizEngine                     : Starting WebQuizEngine on adenisov with PID 19104 (started by adenisov in C:\Users\adenisov\IdeaProjects\Web Quiz Engine\Web Quiz Engine\task)
2020-10-21 19:43:36.309  INFO 19104 --- [    Test worker] engine.WebQuizEngine                     : No active profile set, falling back to default profiles: default
2020-10-21 19:43:36.937  INFO 19104 --- [    Test worker] .s.d.r.c.RepositoryConfigurationDelegate : Bootstrapping Spring Data JPA repositories in DEFAULT mode.
2020-10-21 19:43:36.982  INFO 19104 --- [    Test worker] .s.d.r.c.RepositoryConfigurationDelegate : Finished Spring Data repository scanning in 44ms. Found 6 JPA repository interfaces.
2020-10-21 19:43:37.260  INFO 19104 --- [       Thread-6] o.apache.catalina.core.StandardService   : Stopping service [Tomcat]
2020-10-21 19:43:37.268  INFO 19104 --- [       Thread-6] o.a.c.c.C.[Tomcat].[localhost].[/]       : Destroying Spring FrameworkServlet 'dispatcherServlet'
2020-10-21 19:43:37.389  INFO 19104 --- [    Test worker] trationDelegate$BeanPostProcessorChecker : Bean 'org.springframework.transaction.annotation.ProxyTransactionManagementConfiguration' of type [org.springframework.transaction.annotation.ProxyTransactionManagementConfiguration] is not eligible for getting processed by all BeanPostProcessors (for example: not eligible for auto-proxying)
2020-10-21 19:43:37.416  INFO 19104 --- [    Test worker] trationDelegate$BeanPostProcessorChecker : Bean 'org.springframework.hateoas.config.HateoasConfiguration' of type [org.springframework.hateoas.config.HateoasConfiguration$$EnhancerBySpringCGLIB$$d64f6e52] is not eligible for getting processed by all BeanPostProcessors (for example: not eligible for auto-proxying)
2020-10-21 19:43:37.427  INFO 19104 --- [    Test worker] trationDelegate$BeanPostProcessorChecker : Bean 'relProviderPluginRegistry' of type [org.springframework.plugin.core.support.PluginRegistryFactoryBean] is not eligible for getting processed by all BeanPostProcessors (for example: not eligible for auto-proxying)
2020-10-21 19:43:37.428  INFO 19104 --- [    Test worker] trationDelegate$BeanPostProcessorChecker : Bean 'relProviderPluginRegistry' of type [org.springframework.plugin.core.OrderAwarePluginRegistry] is not eligible for getting processed by all BeanPostProcessors (for example: not eligible for auto-proxying)
2020-10-21 19:43:37.431  INFO 19104 --- [    Test worker] trationDelegate$BeanPostProcessorChecker : Bean '_relProvider' of type [org.springframework.hateoas.server.core.DelegatingLinkRelationProvider] is not eligible for getting processed by all BeanPostProcessors (for example: not eligible for auto-proxying)
2020-10-21 19:43:37.436  INFO 19104 --- [    Test worker] trationDelegate$BeanPostProcessorChecker : Bean 'messageResolver' of type [org.springframework.hateoas.mediatype.MessageSourceResolver] is not eligible for getting processed by all BeanPostProcessors (for example: not eligible for auto-proxying)
2020-10-21 19:43:37.437  INFO 19104 --- [    Test worker] trationDelegate$BeanPostProcessorChecker : Bean 'org.springframework.hateoas.mediatype.hal.HalMediaTypeConfiguration' of type [org.springframework.hateoas.mediatype.hal.HalMediaTypeConfiguration$$EnhancerBySpringCGLIB$$3043fd27] is not eligible for getting processed by all BeanPostProcessors (for example: not eligible for auto-proxying)
2020-10-21 19:43:37.440  INFO 19104 --- [    Test worker] trationDelegate$BeanPostProcessorChecker : Bean 'org.springframework.boot.autoconfigure.jackson.JacksonAutoConfiguration$JacksonObjectMapperConfiguration' of type [org.springframework.boot.autoconfigure.jackson.JacksonAutoConfiguration$JacksonObjectMapperConfiguration] is not eligible for getting processed by all BeanPostProcessors (for example: not eligible for auto-proxying)
2020-10-21 19:43:37.445  INFO 19104 --- [    Test worker] trationDelegate$BeanPostProcessorChecker : Bean 'org.springframework.boot.autoconfigure.jackson.JacksonAutoConfiguration$JacksonObjectMapperBuilderConfiguration' of type [org.springframework.boot.autoconfigure.jackson.JacksonAutoConfiguration$JacksonObjectMapperBuilderConfiguration] is not eligible for getting processed by all BeanPostProcessors (for example: not eligible for auto-proxying)
2020-10-21 19:43:37.451  INFO 19104 --- [    Test worker] trationDelegate$BeanPostProcessorChecker : Bean 'org.springframework.boot.autoconfigure.jackson.JacksonAutoConfiguration$Jackson2ObjectMapperBuilderCustomizerConfiguration' of type [org.springframework.boot.autoconfigure.jackson.JacksonAutoConfiguration$Jackson2ObjectMapperBuilderCustomizerConfiguration] is not eligible for getting processed by all BeanPostProcessors (for example: not eligible for auto-proxying)
2020-10-21 19:43:37.463  INFO 19104 --- [    Test worker] trationDelegate$BeanPostProcessorChecker : Bean 'spring.jackson-org.springframework.boot.autoconfigure.jackson.JacksonProperties' of type [org.springframework.boot.autoconfigure.jackson.JacksonProperties] is not eligible for getting processed by all BeanPostProcessors (for example: not eligible for auto-proxying)
2020-10-21 19:43:37.464  INFO 19104 --- [    Test worker] trationDelegate$BeanPostProcessorChecker : Bean 'standardJacksonObjectMapperBuilderCustomizer' of type [org.springframework.boot.autoconfigure.jackson.JacksonAutoConfiguration$Jackson2ObjectMapperBuilderCustomizerConfiguration$StandardJackson2ObjectMapperBuilderCustomizer] is not eligible for getting processed by all BeanPostProcessors (for example: not eligible for auto-proxying)
2020-10-21 19:43:37.469  INFO 19104 --- [    Test worker] trationDelegate$BeanPostProcessorChecker : Bean 'org.springframework.data.web.config.SpringDataJacksonConfiguration' of type [org.springframework.data.web.config.SpringDataJacksonConfiguration] is not eligible for getting processed by all BeanPostProcessors (for example: not eligible for auto-proxying)
2020-10-21 19:43:37.469  INFO 19104 --- [    Test worker] trationDelegate$BeanPostProcessorChecker : Bean 'jacksonGeoModule' of type [org.springframework.data.geo.GeoModule] is not eligible for getting processed by all BeanPostProcessors (for example: not eligible for auto-proxying)
2020-10-21 19:43:37.471  INFO 19104 --- [    Test worker] trationDelegate$BeanPostProcessorChecker : Bean 'org.springframework.boot.autoconfigure.jackson.JacksonAutoConfiguration$ParameterNamesModuleConfiguration' of type [org.springframework.boot.autoconfigure.jackson.JacksonAutoConfiguration$ParameterNamesModuleConfiguration] is not eligible for getting processed by all BeanPostProcessors (for example: not eligible for auto-proxying)
2020-10-21 19:43:37.472  INFO 19104 --- [    Test worker] trationDelegate$BeanPostProcessorChecker : Bean 'parameterNamesModule' of type [com.fasterxml.jackson.module.paramnames.ParameterNamesModule] is not eligible for getting processed by all BeanPostProcessors (for example: not eligible for auto-proxying)
2020-10-21 19:43:37.476  INFO 19104 --- [    Test worker] trationDelegate$BeanPostProcessorChecker : Bean 'org.springframework.boot.autoconfigure.jackson.JacksonAutoConfiguration' of type [org.springframework.boot.autoconfigure.jackson.JacksonAutoConfiguration] is not eligible for getting processed by all BeanPostProcessors (for example: not eligible for auto-proxying)
2020-10-21 19:43:37.485  INFO 19104 --- [    Test worker] trationDelegate$BeanPostProcessorChecker : Bean 'jsonComponentModule' of type [org.springframework.boot.jackson.JsonComponentModule] is not eligible for getting processed by all BeanPostProcessors (for example: not eligible for auto-proxying)
2020-10-21 19:43:37.486  INFO 19104 --- [    Test worker] trationDelegate$BeanPostProcessorChecker : Bean 'jacksonObjectMapperBuilder' of type [org.springframework.http.converter.json.Jackson2ObjectMapperBuilder] is not eligible for getting processed by all BeanPostProcessors (for example: not eligible for auto-proxying)
2020-10-21 19:43:37.490  INFO 19104 --- [    Test worker] trationDelegate$BeanPostProcessorChecker : Bean 'jacksonObjectMapper' of type [com.fasterxml.jackson.databind.ObjectMapper] is not eligible for getting processed by all BeanPostProcessors (for example: not eligible for auto-proxying)
2020-10-21 19:43:37.506  INFO 19104 --- [    Test worker] trationDelegate$BeanPostProcessorChecker : Bean 'hypermediaWebMvcConverters' of type [org.springframework.hateoas.config.WebConverters] is not eligible for getting processed by all BeanPostProcessors (for example: not eligible for auto-proxying)
2020-10-21 19:43:37.684  WARN 19104 --- [    Test worker] org.apache.tomcat.util.modeler.Registry  : The MBean registry cannot be disabled because it has already been initialised
2020-10-21 19:43:37.695  INFO 19104 --- [    Test worker] o.s.b.w.embedded.tomcat.TomcatWebServer  : Tomcat initialized with port(s): 8889 (http)
2020-10-21 19:43:37.697  INFO 19104 --- [    Test worker] o.apache.catalina.core.StandardService   : Starting service [Tomcat]
2020-10-21 19:43:37.699  INFO 19104 --- [    Test worker] org.apache.catalina.core.StandardEngine  : Starting Servlet engine: [Apache Tomcat/9.0.29]
2020-10-21 19:43:37.768  INFO 19104 --- [    Test worker] o.a.c.c.C.[Tomcat].[localhost].[/]       : Initializing Spring embedded WebApplicationContext
2020-10-21 19:43:37.769  INFO 19104 --- [    Test worker] o.s.web.context.ContextLoader            : Root WebApplicationContext: initialization completed in 1454 ms
2020-10-21 19:43:38.039  INFO 19104 --- [    Test worker] com.zaxxer.hikari.HikariDataSource       : HikariPool-2 - Starting...
2020-10-21 19:43:38.062  INFO 19104 --- [    Test worker] com.zaxxer.hikari.HikariDataSource       : HikariPool-2 - Start completed.
2020-10-21 19:43:38.062  INFO 19104 --- [    Test worker] o.s.b.a.h2.H2ConsoleAutoConfiguration    : H2 console available at '/h2-console'. Database available at 'jdbc:h2:file:../quizdb'
2020-10-21 19:43:38.634  INFO 19104 --- [    Test worker] o.hibernate.jpa.internal.util.LogHelper  : HHH000204: Processing PersistenceUnitInfo [name: default]
2020-10-21 19:43:38.649  INFO 19104 --- [    Test worker] org.hibernate.dialect.Dialect            : HHH000400: Using dialect: org.hibernate.dialect.H2Dialect
2020-10-21 19:43:38.937  INFO 19104 --- [    Test worker] o.h.e.t.j.p.i.JtaPlatformInitiator       : HHH000490: Using JtaPlatform implementation: [org.hibernate.engine.transaction.jta.platform.internal.NoJtaPlatform]
2020-10-21 19:43:38.937  INFO 19104 --- [    Test worker] j.LocalContainerEntityManagerFactoryBean : Initialized JPA EntityManagerFactory for persistence unit 'default'
2020-10-21 19:43:39.222  WARN 19104 --- [    Test worker] JpaBaseConfiguration$JpaWebConfiguration : spring.jpa.open-in-view is enabled by default. Therefore, database queries may be performed during view rendering. Explicitly configure spring.jpa.open-in-view to disable this warning
2020-10-21 19:43:39.845  INFO 19104 --- [    Test worker] o.s.s.concurrent.ThreadPoolTaskExecutor  : Initializing ExecutorService 'applicationTaskExecutor'
2020-10-21 19:43:40.468  INFO 19104 --- [    Test worker] o.s.s.web.DefaultSecurityFilterChain     : Creating filter chain: any request, [org.springframework.security.web.context.request.async.WebAsyncManagerIntegrationFilter@572b9764, org.springframework.security.web.context.SecurityContextPersistenceFilter@400c21a, org.springframework.security.web.header.HeaderWriterFilter@76644ea2, org.springframework.security.web.authentication.logout.LogoutFilter@18df5488, org.springframework.security.web.authentication.www.BasicAuthenticationFilter@21f20946, org.springframework.security.web.savedrequest.RequestCacheAwareFilter@3800228f, org.springframework.security.web.servletapi.SecurityContextHolderAwareRequestFilter@4e8813f4, org.springframework.security.web.authentication.AnonymousAuthenticationFilter@1a8ff4a7, org.springframework.security.web.access.ExceptionTranslationFilter@8ffd033, org.springframework.security.web.access.intercept.FilterSecurityInterceptor@67cdd366]
2020-10-21 19:43:40.552  INFO 19104 --- [    Test worker] o.s.b.a.e.web.EndpointLinksResolver      : Exposing 14 endpoint(s) beneath base path '/actuator'
2020-10-21 19:43:40.635  INFO 19104 --- [    Test worker] o.s.b.w.embedded.tomcat.TomcatWebServer  : Tomcat started on port(s): 8889 (http) with context path ''
2020-10-21 19:43:40.636  INFO 19104 --- [    Test worker] engine.WebQuizEngine                     : Started WebQuizEngine in 4.386 seconds (JVM running for 37.143)
?[1;31m
Start test 47?[0m
2020-10-21 19:43:40.644  INFO 19104 --- [nio-8889-exec-1] o.a.c.c.C.[Tomcat].[localhost].[/]       : Initializing Spring DispatcherServlet 'dispatcherServlet'
2020-10-21 19:43:40.644  INFO 19104 --- [nio-8889-exec-1] o.s.web.servlet.DispatcherServlet        : Initializing Servlet 'dispatcherServlet'
2020-10-21 19:43:40.669  INFO 19104 --- [nio-8889-exec-1] o.s.web.servlet.DispatcherServlet        : Completed initialization in 25 ms
Hibernate: select user0_.userid as userid1_6_, user0_.email as email2_6_, user0_.password as password3_6_ from user user0_ where user0_.email=?
Hibernate: select quizent0_.quizid as quizid1_2_, quizent0_.text as text2_2_, quizent0_.title as title3_2_, quizent0_.userid as userid4_2_ from quiz quizent0_ limit ?
Hibernate: select user0_.userid as userid1_6_0_, user0_.email as email2_6_0_, user0_.password as password3_6_0_ from user user0_ where user0_.userid=?
Hibernate: select user0_.userid as userid1_6_0_, user0_.email as email2_6_0_, user0_.password as password3_6_0_ from user user0_ where user0_.userid=?
Hibernate: select options0_.quiz_ent_quizid as quiz_ent1_5_0_, options0_.options as options2_5_0_ from quiz_ent_options options0_ where options0_.quiz_ent_quizid=?
Hibernate: select options0_.quiz_ent_quizid as quiz_ent1_5_0_, options0_.options as options2_5_0_ from quiz_ent_options options0_ where options0_.quiz_ent_quizid=?
?[1;31m
Start test 48?[0m
Hibernate: select user0_.userid as userid1_6_, user0_.email as email2_6_, user0_.password as password3_6_ from user user0_ where user0_.email=?
Hibernate: select quizent0_.quizid as quizid1_2_, quizent0_.text as text2_2_, quizent0_.title as title3_2_, quizent0_.userid as userid4_2_ from quiz quizent0_ limit ?
Hibernate: select user0_.userid as userid1_6_0_, user0_.email as email2_6_0_, user0_.password as password3_6_0_ from user user0_ where user0_.userid=?
Hibernate: select user0_.userid as userid1_6_0_, user0_.email as email2_6_0_, user0_.password as password3_6_0_ from user user0_ where user0_.userid=?
Hibernate: select options0_.quiz_ent_quizid as quiz_ent1_5_0_, options0_.options as options2_5_0_ from quiz_ent_options options0_ where options0_.quiz_ent_quizid=?
Hibernate: select options0_.quiz_ent_quizid as quiz_ent1_5_0_, options0_.options as options2_5_0_ from quiz_ent_options options0_ where options0_.quiz_ent_quizid=?
?[1;31m
Start test 49?[0m
Hibernate: select user0_.userid as userid1_6_, user0_.email as email2_6_, user0_.password as password3_6_ from user user0_ where user0_.email=?
Hibernate: select quizent0_.quizid as quizid1_2_0_, quizent0_.text as text2_2_0_, quizent0_.title as title3_2_0_, quizent0_.userid as userid4_2_0_, user1_.userid as userid1_6_1_, user1_.email as email2_6_1_, user1_.password as password3_6_1_ from quiz quizent0_ left outer join user user1_ on quizent0_.userid=user1_.userid where quizent0_.quizid=?
Hibernate: select user0_.userid as userid1_6_, user0_.email as email2_6_, user0_.password as password3_6_ from user user0_ where user0_.email=?
Hibernate: select answer0_.quiz_ent_quizid as quiz_ent1_4_0_, answer0_.answer as answer2_4_0_ from quiz_ent_answer answer0_ where answer0_.quiz_ent_quizid=?
Hibernate: insert into quiz_completed_ent (quizcomplid, completed_at, quizid, result, userid) values (null, ?, ?, ?, ?)
?[1;31m
Start test 50?[0m
Hibernate: select user0_.userid as userid1_6_, user0_.email as email2_6_, user0_.password as password3_6_ from user user0_ where user0_.email=?
Hibernate: select quizent0_.quizid as quizid1_2_0_, quizent0_.text as text2_2_0_, quizent0_.title as title3_2_0_, quizent0_.userid as userid4_2_0_, user1_.userid as userid1_6_1_, user1_.email as email2_6_1_, user1_.password as password3_6_1_ from quiz quizent0_ left outer join user user1_ on quizent0_.userid=user1_.userid where quizent0_.quizid=?
Hibernate: select user0_.userid as userid1_6_, user0_.email as email2_6_, user0_.password as password3_6_ from user user0_ where user0_.email=?
Hibernate: select answer0_.quiz_ent_quizid as quiz_ent1_4_0_, answer0_.answer as answer2_4_0_ from quiz_ent_answer answer0_ where answer0_.quiz_ent_quizid=?
Hibernate: insert into quiz_completed_ent (quizcomplid, completed_at, quizid, result, userid) values (null, ?, ?, ?, ?)
?[1;31m
Start test 51?[0m
Hibernate: select user0_.userid as userid1_6_, user0_.email as email2_6_, user0_.password as password3_6_ from user user0_ where user0_.email=?
Hibernate: select quizent0_.quizid as quizid1_2_0_, quizent0_.text as text2_2_0_, quizent0_.title as title3_2_0_, quizent0_.userid as userid4_2_0_, user1_.userid as userid1_6_1_, user1_.email as email2_6_1_, user1_.password as password3_6_1_ from quiz quizent0_ left outer join user user1_ on quizent0_.userid=user1_.userid where quizent0_.quizid=?
Hibernate: select user0_.userid as userid1_6_, user0_.email as email2_6_, user0_.password as password3_6_ from user user0_ where user0_.email=?
Hibernate: select answer0_.quiz_ent_quizid as quiz_ent1_4_0_, answer0_.answer as answer2_4_0_ from quiz_ent_answer answer0_ where answer0_.quiz_ent_quizid=?
Hibernate: insert into quiz_completed_ent (quizcomplid, completed_at, quizid, result, userid) values (null, ?, ?, ?, ?)
?[1;31m
Start test 52?[0m
Hibernate: select user0_.userid as userid1_6_, user0_.email as email2_6_, user0_.password as password3_6_ from user user0_ where user0_.email=?
Hibernate: select quizent0_.quizid as quizid1_2_0_, quizent0_.text as text2_2_0_, quizent0_.title as title3_2_0_, quizent0_.userid as userid4_2_0_, user1_.userid as userid1_6_1_, user1_.email as email2_6_1_, user1_.password as password3_6_1_ from quiz quizent0_ left outer join user user1_ on quizent0_.userid=user1_.userid where quizent0_.quizid=?
Hibernate: select user0_.userid as userid1_6_, user0_.email as email2_6_, user0_.password as password3_6_ from user user0_ where user0_.email=?
Hibernate: select answer0_.quiz_ent_quizid as quiz_ent1_4_0_, answer0_.answer as answer2_4_0_ from quiz_ent_answer answer0_ where answer0_.quiz_ent_quizid=?
Hibernate: insert into quiz_completed_ent (quizcomplid, completed_at, quizid, result, userid) values (null, ?, ?, ?, ?)
?[1;31m
Start test 53?[0m
Hibernate: select user0_.userid as userid1_6_, user0_.email as email2_6_, user0_.password as password3_6_ from user user0_ where user0_.email=?
Hibernate: select user0_.userid as userid1_6_, user0_.email as email2_6_, user0_.password as password3_6_ from user user0_ where user0_.email=?
Hibernate: SELECT * FROM QUIZ_COMPLETED_ENT WHERE USERID = ? AND RESULT = ? order by COMPLETED_AT desc limit ?
?[1;31m
Start test 54?[0m
Hibernate: select user0_.userid as userid1_6_, user0_.email as email2_6_, user0_.password as password3_6_ from user user0_ where user0_.email=?
Hibernate: select user0_.userid as userid1_6_, user0_.email as email2_6_, user0_.password as password3_6_ from user user0_ where user0_.email=?
Hibernate: SELECT * FROM QUIZ_COMPLETED_ENT WHERE USERID = ? AND RESULT = ? order by COMPLETED_AT desc limit ?
?[1;31m
Start test 55?[0m
Hibernate: select user0_.userid as userid1_6_, user0_.email as email2_6_, user0_.password as password3_6_ from user user0_ where user0_.email=?
Hibernate: select user0_.userid as userid1_6_, user0_.email as email2_6_, user0_.password as password3_6_ from user user0_ where user0_.email=?
Hibernate: SELECT * FROM QUIZ_COMPLETED_ENT WHERE USERID = ? AND RESULT = ? order by COMPLETED_AT desc limit ?
?[1;31m
Start test 56?[0m
Hibernate: select user0_.userid as userid1_6_, user0_.email as email2_6_, user0_.password as password3_6_ from user user0_ where user0_.email=?
Hibernate: select user0_.userid as userid1_6_, user0_.email as email2_6_, user0_.password as password3_6_ from user user0_ where user0_.email=?
Hibernate: SELECT * FROM QUIZ_COMPLETED_ENT WHERE USERID = ? AND RESULT = ? order by COMPLETED_AT desc limit ?
?[1;31m
Start test 57?[0m
Hibernate: select user0_.userid as userid1_6_, user0_.email as email2_6_, user0_.password as password3_6_ from user user0_ where user0_.email=?
2020-10-21 19:43:42.218  WARN 19104 --- [nio-8889-exec-1] .w.s.m.s.DefaultHandlerExceptionResolver : Resolved [org.springframework.http.converter.HttpMessageNotReadableException: JSON parse error: Unexpected character ('"' (code 34)): was expecting comma to separate Object entries; nested exception is com.fasterxml.jackson.core.JsonParseException: Unexpected character ('"' (code 34)): was expecting comma to separate Object entries
 at [Source: (PushbackInputStream); line: 4, column: 4]]
?[1;31m
Start test 58?[0m
Hibernate: select user0_.userid as userid1_6_, user0_.email as email2_6_, user0_.password as password3_6_ from user user0_ where user0_.email=?
2020-10-21 19:43:42.363  WARN 19104 --- [nio-8889-exec-1] .w.s.m.s.DefaultHandlerExceptionResolver : Resolved [org.springframework.http.converter.HttpMessageNotReadableException: JSON parse error: Unexpected character ('"' (code 34)): was expecting comma to separate Object entries; nested exception is com.fasterxml.jackson.core.JsonParseException: Unexpected character ('"' (code 34)): was expecting comma to separate Object entries
 at [Source: (PushbackInputStream); line: 5, column: 4]]
?[1;31m
Start test 59?[0m
Hibernate: select user0_.userid as userid1_6_, user0_.email as email2_6_, user0_.password as password3_6_ from user user0_ where user0_.email=?
2020-10-21 19:43:42.503  WARN 19104 --- [nio-8889-exec-3] .w.s.m.s.DefaultHandlerExceptionResolver : Resolved [org.springframework.http.converter.HttpMessageNotReadableException: JSON parse error: Unexpected character ('"' (code 34)): was expecting comma to separate Object entries; nested exception is com.fasterxml.jackson.core.JsonParseException: Unexpected character ('"' (code 34)): was expecting comma to separate Object entries
 at [Source: (PushbackInputStream); line: 4, column: 4]]
?[1;31m
Start test 60?[0m
Hibernate: select user0_.userid as userid1_6_, user0_.email as email2_6_, user0_.password as password3_6_ from user user0_ where user0_.email=?
2020-10-21 19:43:42.662  WARN 19104 --- [nio-8889-exec-4] .w.s.m.s.DefaultHandlerExceptionResolver : Resolved [org.springframework.http.converter.HttpMessageNotReadableException: JSON parse error: Unexpected character ('"' (code 34)): was expecting comma to separate Object entries; nested exception is com.fasterxml.jackson.core.JsonParseException: Unexpected character ('"' (code 34)): was expecting comma to separate Object entries
 at [Source: (PushbackInputStream); line: 5, column: 4]]
?[1;31m
Start test 61?[0m
Hibernate: select user0_.userid as userid1_6_, user0_.email as email2_6_, user0_.password as password3_6_ from user user0_ where user0_.email=?
2020-10-21 19:43:42.883  WARN 19104 --- [nio-8889-exec-5] .w.s.m.s.DefaultHandlerExceptionResolver : Resolved [org.springframework.web.bind.MethodArgumentNotValidException: Validation failed for argument [0] in public org.springframework.http.ResponseEntity<engine.Entities.QuizEnt> engine.Controller.QuizController.addQuiz(engine.Entities.QuizEnt) with 2 errors: [Field error in object 'quizEnt' on field 'options': rejected value [[]]; codes [Size.quizEnt.options,Size.options,Size.java.util.List,Size]; arguments [org.springframework.context.support.DefaultMessageSourceResolvable: codes [quizEnt.options,options]; arguments []; default message [options],2147483647,2]; default message [size must be between 2 and 2147483647]] [Field error in object 'quizEnt' on field 'options': rejected value [[]]; codes [NotEmpty.quizEnt.options,NotEmpty.options,NotEmpty.java.util.List,NotEmpty]; arguments [org.springframework.context.support.DefaultMessageSourceResolvable: codes [quizEnt.options,options]; arguments []; default message [options]]; default message [options are mandatory]] ]
?[1;31m
Start test 62?[0m
Hibernate: select user0_.userid as userid1_6_, user0_.email as email2_6_, user0_.password as password3_6_ from user user0_ where user0_.email=?
2020-10-21 19:43:43.037  WARN 19104 --- [nio-8889-exec-6] .w.s.m.s.DefaultHandlerExceptionResolver : Resolved [org.springframework.http.converter.HttpMessageNotReadableException: JSON parse error: Unexpected character ('"' (code 34)): was expecting comma to separate Object entries; nested exception is com.fasterxml.jackson.core.JsonParseException: Unexpected character ('"' (code 34)): was expecting comma to separate Object entries
 at [Source: (PushbackInputStream); line: 5, column: 4]]
?[1;31m
Start test 63?[0m
Hibernate: select user0_.userid as userid1_6_, user0_.email as email2_6_, user0_.password as password3_6_ from user user0_ where user0_.email=?
2020-10-21 19:43:43.181  WARN 19104 --- [nio-8889-exec-7] .w.s.m.s.DefaultHandlerExceptionResolver : Resolved [org.springframework.http.converter.HttpMessageNotReadableException: JSON parse error: Unexpected character ('"' (code 34)): was expecting comma to separate Object entries; nested exception is com.fasterxml.jackson.core.JsonParseException: Unexpected character ('"' (code 34)): was expecting comma to separate Object entries
 at [Source: (PushbackInputStream); line: 5, column: 4]]
?[1;31m
Start test 64?[0m
Hibernate: select user0_.userid as userid1_6_, user0_.email as email2_6_, user0_.password as password3_6_ from user user0_ where user0_.email=?
Hibernate: select user0_.userid as userid1_6_, user0_.email as email2_6_, user0_.password as password3_6_ from user user0_ where user0_.email=?
Hibernate: insert into quiz (quizid, text, title, userid) values (null, ?, ?, ?)
Hibernate: insert into quiz_ent_answer (quiz_ent_quizid, answer) values (?, ?)
Hibernate: insert into quiz_ent_answer (quiz_ent_quizid, answer) values (?, ?)
Hibernate: insert into quiz_ent_options (quiz_ent_quizid, options) values (?, ?)
Hibernate: insert into quiz_ent_options (quiz_ent_quizid, options) values (?, ?)
Hibernate: insert into quiz_ent_options (quiz_ent_quizid, options) values (?, ?)
Hibernate: insert into quiz_ent_options (quiz_ent_quizid, options) values (?, ?)
?[1;31m
Start test 65?[0m
Hibernate: select user0_.userid as userid1_6_, user0_.email as email2_6_, user0_.password as password3_6_ from user user0_ where user0_.email=?
Hibernate: select quizent0_.quizid as quizid1_2_0_, quizent0_.text as text2_2_0_, quizent0_.title as title3_2_0_, quizent0_.userid as userid4_2_0_, user1_.userid as userid1_6_1_, user1_.email as email2_6_1_, user1_.password as password3_6_1_ from quiz quizent0_ left outer join user user1_ on quizent0_.userid=user1_.userid where quizent0_.quizid=?
Hibernate: select options0_.quiz_ent_quizid as quiz_ent1_5_0_, options0_.options as options2_5_0_ from quiz_ent_options options0_ where options0_.quiz_ent_quizid=?
?[1;31m
Start test 66?[0m
Hibernate: select user0_.userid as userid1_6_, user0_.email as email2_6_, user0_.password as password3_6_ from user user0_ where user0_.email=?
Hibernate: select quizent0_.quizid as quizid1_2_0_, quizent0_.text as text2_2_0_, quizent0_.title as title3_2_0_, quizent0_.userid as userid4_2_0_, user1_.userid as userid1_6_1_, user1_.email as email2_6_1_, user1_.password as password3_6_1_ from quiz quizent0_ left outer join user user1_ on quizent0_.userid=user1_.userid where quizent0_.quizid=?
?[1;31m
Start test 67?[0m
Hibernate: select user0_.userid as userid1_6_, user0_.email as email2_6_, user0_.password as password3_6_ from user user0_ where user0_.email=?
Hibernate: select quizent0_.quizid as quizid1_2_0_, quizent0_.text as text2_2_0_, quizent0_.title as title3_2_0_, quizent0_.userid as userid4_2_0_, user1_.userid as userid1_6_1_, user1_.email as email2_6_1_, user1_.password as password3_6_1_ from quiz quizent0_ left outer join user user1_ on quizent0_.userid=user1_.userid where quizent0_.quizid=?
Hibernate: select user0_.userid as userid1_6_, user0_.email as email2_6_, user0_.password as password3_6_ from user user0_ where user0_.email=?
Hibernate: select answer0_.quiz_ent_quizid as quiz_ent1_4_0_, answer0_.answer as answer2_4_0_ from quiz_ent_answer answer0_ where answer0_.quiz_ent_quizid=?
Hibernate: insert into quiz_completed_ent (quizcomplid, completed_at, quizid, result, userid) values (null, ?, ?, ?, ?)
?[1;31m
Start test 68?[0m
Hibernate: select user0_.userid as userid1_6_, user0_.email as email2_6_, user0_.password as password3_6_ from user user0_ where user0_.email=?
Hibernate: select quizent0_.quizid as quizid1_2_0_, quizent0_.text as text2_2_0_, quizent0_.title as title3_2_0_, quizent0_.userid as userid4_2_0_, user1_.userid as userid1_6_1_, user1_.email as email2_6_1_, user1_.password as password3_6_1_ from quiz quizent0_ left outer join user user1_ on quizent0_.userid=user1_.userid where quizent0_.quizid=?
Hibernate: select user0_.userid as userid1_6_, user0_.email as email2_6_, user0_.password as password3_6_ from user user0_ where user0_.email=?
Hibernate: select answer0_.quiz_ent_quizid as quiz_ent1_4_0_, answer0_.answer as answer2_4_0_ from quiz_ent_answer answer0_ where answer0_.quiz_ent_quizid=?
Hibernate: insert into quiz_completed_ent (quizcomplid, completed_at, quizid, result, userid) values (null, ?, ?, ?, ?)
?[1;31m
Start test 69?[0m
Hibernate: select user0_.userid as userid1_6_, user0_.email as email2_6_, user0_.password as password3_6_ from user user0_ where user0_.email=?
Hibernate: select quizent0_.quizid as quizid1_2_0_, quizent0_.text as text2_2_0_, quizent0_.title as title3_2_0_, quizent0_.userid as userid4_2_0_, user1_.userid as userid1_6_1_, user1_.email as email2_6_1_, user1_.password as password3_6_1_ from quiz quizent0_ left outer join user user1_ on quizent0_.userid=user1_.userid where quizent0_.quizid=?
Hibernate: select user0_.userid as userid1_6_, user0_.email as email2_6_, user0_.password as password3_6_ from user user0_ where user0_.email=?
Hibernate: select answer0_.quiz_ent_quizid as quiz_ent1_4_0_, answer0_.answer as answer2_4_0_ from quiz_ent_answer answer0_ where answer0_.quiz_ent_quizid=?
Hibernate: insert into quiz_completed_ent (quizcomplid, completed_at, quizid, result, userid) values (null, ?, ?, ?, ?)
?[1;31m
Start test 70?[0m
Hibernate: select user0_.userid as userid1_6_, user0_.email as email2_6_, user0_.password as password3_6_ from user user0_ where user0_.email=?
Hibernate: select quizent0_.quizid as quizid1_2_0_, quizent0_.text as text2_2_0_, quizent0_.title as title3_2_0_, quizent0_.userid as userid4_2_0_, user1_.userid as userid1_6_1_, user1_.email as email2_6_1_, user1_.password as password3_6_1_ from quiz quizent0_ left outer join user user1_ on quizent0_.userid=user1_.userid where quizent0_.quizid=?
Hibernate: select user0_.userid as userid1_6_, user0_.email as email2_6_, user0_.password as password3_6_ from user user0_ where user0_.email=?
Hibernate: select answer0_.quiz_ent_quizid as quiz_ent1_4_0_, answer0_.answer as answer2_4_0_ from quiz_ent_answer answer0_ where answer0_.quiz_ent_quizid=?
Hibernate: insert into quiz_completed_ent (quizcomplid, completed_at, quizid, result, userid) values (null, ?, ?, ?, ?)
?[1;31m
Start test 71?[0m
Hibernate: select user0_.userid as userid1_6_, user0_.email as email2_6_, user0_.password as password3_6_ from user user0_ where user0_.email=?
Hibernate: select quizent0_.quizid as quizid1_2_0_, quizent0_.text as text2_2_0_, quizent0_.title as title3_2_0_, quizent0_.userid as userid4_2_0_, user1_.userid as userid1_6_1_, user1_.email as email2_6_1_, user1_.password as password3_6_1_ from quiz quizent0_ left outer join user user1_ on quizent0_.userid=user1_.userid where quizent0_.quizid=?
Hibernate: select user0_.userid as userid1_6_, user0_.email as email2_6_, user0_.password as password3_6_ from user user0_ where user0_.email=?
Hibernate: select answer0_.quiz_ent_quizid as quiz_ent1_4_0_, answer0_.answer as answer2_4_0_ from quiz_ent_answer answer0_ where answer0_.quiz_ent_quizid=?
Hibernate: insert into quiz_completed_ent (quizcomplid, completed_at, quizid, result, userid) values (null, ?, ?, ?, ?)
?[1;31m
Start test 72?[0m
Hibernate: select user0_.userid as userid1_6_, user0_.email as email2_6_, user0_.password as password3_6_ from user user0_ where user0_.email=?
Hibernate: select quizent0_.quizid as quizid1_2_0_, quizent0_.text as text2_2_0_, quizent0_.title as title3_2_0_, quizent0_.userid as userid4_2_0_, user1_.userid as userid1_6_1_, user1_.email as email2_6_1_, user1_.password as password3_6_1_ from quiz quizent0_ left outer join user user1_ on quizent0_.userid=user1_.userid where quizent0_.quizid=?
Hibernate: select user0_.userid as userid1_6_, user0_.email as email2_6_, user0_.password as password3_6_ from user user0_ where user0_.email=?
Hibernate: select answer0_.quiz_ent_quizid as quiz_ent1_4_0_, answer0_.answer as answer2_4_0_ from quiz_ent_answer answer0_ where answer0_.quiz_ent_quizid=?
Hibernate: insert into quiz_completed_ent (quizcomplid, completed_at, quizid, result, userid) values (null, ?, ?, ?, ?)
?[1;31m
Start test 73?[0m
Hibernate: select user0_.userid as userid1_6_, user0_.email as email2_6_, user0_.password as password3_6_ from user user0_ where user0_.email=?
Hibernate: select quizent0_.quizid as quizid1_2_0_, quizent0_.text as text2_2_0_, quizent0_.title as title3_2_0_, quizent0_.userid as userid4_2_0_, user1_.userid as userid1_6_1_, user1_.email as email2_6_1_, user1_.password as password3_6_1_ from quiz quizent0_ left outer join user user1_ on quizent0_.userid=user1_.userid where quizent0_.quizid=?
Hibernate: select user0_.userid as userid1_6_, user0_.email as email2_6_, user0_.password as password3_6_ from user user0_ where user0_.email=?
Hibernate: select answer0_.quiz_ent_quizid as quiz_ent1_4_0_, answer0_.answer as answer2_4_0_ from quiz_ent_answer answer0_ where answer0_.quiz_ent_quizid=?
Hibernate: insert into quiz_completed_ent (quizcomplid, completed_at, quizid, result, userid) values (null, ?, ?, ?, ?)
?[1;31m
Start test 74?[0m
Hibernate: select user0_.userid as userid1_6_, user0_.email as email2_6_, user0_.password as password3_6_ from user user0_ where user0_.email=?
Hibernate: select quizent0_.quizid as quizid1_2_0_, quizent0_.text as text2_2_0_, quizent0_.title as title3_2_0_, quizent0_.userid as userid4_2_0_, user1_.userid as userid1_6_1_, user1_.email as email2_6_1_, user1_.password as password3_6_1_ from quiz quizent0_ left outer join user user1_ on quizent0_.userid=user1_.userid where quizent0_.quizid=?
Hibernate: select user0_.userid as userid1_6_, user0_.email as email2_6_, user0_.password as password3_6_ from user user0_ where user0_.email=?
Hibernate: select answer0_.quiz_ent_quizid as quiz_ent1_4_0_, answer0_.answer as answer2_4_0_ from quiz_ent_answer answer0_ where answer0_.quiz_ent_quizid=?
Hibernate: insert into quiz_completed_ent (quizcomplid, completed_at, quizid, result, userid) values (null, ?, ?, ?, ?)
?[1;31m
Start test 75?[0m
Hibernate: select user0_.userid as userid1_6_, user0_.email as email2_6_, user0_.password as password3_6_ from user user0_ where user0_.email=?
Hibernate: select quizent0_.quizid as quizid1_2_0_, quizent0_.text as text2_2_0_, quizent0_.title as title3_2_0_, quizent0_.userid as userid4_2_0_, user1_.userid as userid1_6_1_, user1_.email as email2_6_1_, user1_.password as password3_6_1_ from quiz quizent0_ left outer join user user1_ on quizent0_.userid=user1_.userid where quizent0_.quizid=?
Hibernate: select user0_.userid as userid1_6_, user0_.email as email2_6_, user0_.password as password3_6_ from user user0_ where user0_.email=?
Hibernate: select answer0_.quiz_ent_quizid as quiz_ent1_4_0_, answer0_.answer as answer2_4_0_ from quiz_ent_answer answer0_ where answer0_.quiz_ent_quizid=?
Hibernate: insert into quiz_completed_ent (quizcomplid, completed_at, quizid, result, userid) values (null, ?, ?, ?, ?)
?[1;31m
Start test 76?[0m
Hibernate: select user0_.userid as userid1_6_, user0_.email as email2_6_, user0_.password as password3_6_ from user user0_ where user0_.email=?
Hibernate: select quizent0_.quizid as quizid1_2_0_, quizent0_.text as text2_2_0_, quizent0_.title as title3_2_0_, quizent0_.userid as userid4_2_0_, user1_.userid as userid1_6_1_, user1_.email as email2_6_1_, user1_.password as password3_6_1_ from quiz quizent0_ left outer join user user1_ on quizent0_.userid=user1_.userid where quizent0_.quizid=?
Hibernate: select user0_.userid as userid1_6_, user0_.email as email2_6_, user0_.password as password3_6_ from user user0_ where user0_.email=?
Hibernate: select answer0_.quiz_ent_quizid as quiz_ent1_4_0_, answer0_.answer as answer2_4_0_ from quiz_ent_answer answer0_ where answer0_.quiz_ent_quizid=?
Hibernate: insert into quiz_completed_ent (quizcomplid, completed_at, quizid, result, userid) values (null, ?, ?, ?, ?)
?[1;31m
Start test 77?[0m
Hibernate: select user0_.userid as userid1_6_, user0_.email as email2_6_, user0_.password as password3_6_ from user user0_ where user0_.email=?
Hibernate: select quizent0_.quizid as quizid1_2_0_, quizent0_.text as text2_2_0_, quizent0_.title as title3_2_0_, quizent0_.userid as userid4_2_0_, user1_.userid as userid1_6_1_, user1_.email as email2_6_1_, user1_.password as password3_6_1_ from quiz quizent0_ left outer join user user1_ on quizent0_.userid=user1_.userid where quizent0_.quizid=?
Hibernate: select user0_.userid as userid1_6_, user0_.email as email2_6_, user0_.password as password3_6_ from user user0_ where user0_.email=?
Hibernate: select answer0_.quiz_ent_quizid as quiz_ent1_4_0_, answer0_.answer as answer2_4_0_ from quiz_ent_answer answer0_ where answer0_.quiz_ent_quizid=?
Hibernate: insert into quiz_completed_ent (quizcomplid, completed_at, quizid, result, userid) values (null, ?, ?, ?, ?)
?[1;31m
Start test 78?[0m
Hibernate: select user0_.userid as userid1_6_, user0_.email as email2_6_, user0_.password as password3_6_ from user user0_ where user0_.email=?
Hibernate: select quizent0_.quizid as quizid1_2_0_, quizent0_.text as text2_2_0_, quizent0_.title as title3_2_0_, quizent0_.userid as userid4_2_0_, user1_.userid as userid1_6_1_, user1_.email as email2_6_1_, user1_.password as password3_6_1_ from quiz quizent0_ left outer join user user1_ on quizent0_.userid=user1_.userid where quizent0_.quizid=?
Hibernate: select user0_.userid as userid1_6_, user0_.email as email2_6_, user0_.password as password3_6_ from user user0_ where user0_.email=?
Hibernate: select answer0_.quiz_ent_quizid as quiz_ent1_4_0_, answer0_.answer as answer2_4_0_ from quiz_ent_answer answer0_ where answer0_.quiz_ent_quizid=?
Hibernate: insert into quiz_completed_ent (quizcomplid, completed_at, quizid, result, userid) values (null, ?, ?, ?, ?)
?[1;31m
Start test 79?[0m
Hibernate: select user0_.userid as userid1_6_, user0_.email as email2_6_, user0_.password as password3_6_ from user user0_ where user0_.email=?
Hibernate: select quizent0_.quizid as quizid1_2_0_, quizent0_.text as text2_2_0_, quizent0_.title as title3_2_0_, quizent0_.userid as userid4_2_0_, user1_.userid as userid1_6_1_, user1_.email as email2_6_1_, user1_.password as password3_6_1_ from quiz quizent0_ left outer join user user1_ on quizent0_.userid=user1_.userid where quizent0_.quizid=?
Hibernate: select user0_.userid as userid1_6_, user0_.email as email2_6_, user0_.password as password3_6_ from user user0_ where user0_.email=?
Hibernate: select answer0_.quiz_ent_quizid as quiz_ent1_4_0_, answer0_.answer as answer2_4_0_ from quiz_ent_answer answer0_ where answer0_.quiz_ent_quizid=?
Hibernate: insert into quiz_completed_ent (quizcomplid, completed_at, quizid, result, userid) values (null, ?, ?, ?, ?)
?[1;31m
Start test 80?[0m
Hibernate: select user0_.userid as userid1_6_, user0_.email as email2_6_, user0_.password as password3_6_ from user user0_ where user0_.email=?
Hibernate: select quizent0_.quizid as quizid1_2_0_, quizent0_.text as text2_2_0_, quizent0_.title as title3_2_0_, quizent0_.userid as userid4_2_0_, user1_.userid as userid1_6_1_, user1_.email as email2_6_1_, user1_.password as password3_6_1_ from quiz quizent0_ left outer join user user1_ on quizent0_.userid=user1_.userid where quizent0_.quizid=?
Hibernate: select user0_.userid as userid1_6_, user0_.email as email2_6_, user0_.password as password3_6_ from user user0_ where user0_.email=?
Hibernate: select answer0_.quiz_ent_quizid as quiz_ent1_4_0_, answer0_.answer as answer2_4_0_ from quiz_ent_answer answer0_ where answer0_.quiz_ent_quizid=?
Hibernate: insert into quiz_completed_ent (quizcomplid, completed_at, quizid, result, userid) values (null, ?, ?, ?, ?)
?[1;31m
Start test 81?[0m
Hibernate: select user0_.userid as userid1_6_, user0_.email as email2_6_, user0_.password as password3_6_ from user user0_ where user0_.email=?
Hibernate: select quizent0_.quizid as quizid1_2_0_, quizent0_.text as text2_2_0_, quizent0_.title as title3_2_0_, quizent0_.userid as userid4_2_0_, user1_.userid as userid1_6_1_, user1_.email as email2_6_1_, user1_.password as password3_6_1_ from quiz quizent0_ left outer join user user1_ on quizent0_.userid=user1_.userid where quizent0_.quizid=?
Hibernate: select user0_.userid as userid1_6_, user0_.email as email2_6_, user0_.password as password3_6_ from user user0_ where user0_.email=?
Hibernate: select answer0_.quiz_ent_quizid as quiz_ent1_4_0_, answer0_.answer as answer2_4_0_ from quiz_ent_answer answer0_ where answer0_.quiz_ent_quizid=?
[...]
Hibernate: select options0_.quiz_ent_quizid as quiz_ent1_5_0_, options0_.options as options2_5_0_ from quiz_ent_options options0_ where options0_.quiz_ent_quizid=?
Hibernate: select options0_.quiz_ent_quizid as quiz_ent1_5_0_, options0_.options as options2_5_0_ from quiz_ent_options options0_ where options0_.quiz_ent_quizid=?
Hibernate: select options0_.quiz_ent_quizid as quiz_ent1_5_0_, options0_.options as options2_5_0_ from quiz_ent_options options0_ where options0_.quiz_ent_quizid=?
?[1;31m
Start test 217?[0m
Hibernate: select user0_.userid as userid1_6_, user0_.email as email2_6_, user0_.password as password3_6_ from user user0_ where user0_.email=?
Hibernate: select quizent0_.quizid as quizid1_2_0_, quizent0_.text as text2_2_0_, quizent0_.title as title3_2_0_, quizent0_.userid as userid4_2_0_, user1_.userid as userid1_6_1_, user1_.email as email2_6_1_, user1_.password as password3_6_1_ from quiz quizent0_ left outer join user user1_ on quizent0_.userid=user1_.userid where quizent0_.quizid=?
?[1;31m
Start test 218?[0m
Hibernate: select user0_.userid as userid1_6_, user0_.email as email2_6_, user0_.password as password3_6_ from user user0_ where user0_.email=?
Hibernate: select quizent0_.quizid as quizid1_2_0_, quizent0_.text as text2_2_0_, quizent0_.title as title3_2_0_, quizent0_.userid as userid4_2_0_, user1_.userid as userid1_6_1_, user1_.email as email2_6_1_, user1_.password as password3_6_1_ from quiz quizent0_ left outer join user user1_ on quizent0_.userid=user1_.userid where quizent0_.quizid=?
?[1;31m
Start test 219?[0m
Hibernate: select user0_.userid as userid1_6_, user0_.email as email2_6_, user0_.password as password3_6_ from user user0_ where user0_.email=?
Hibernate: select quizent0_.quizid as quizid1_2_0_, quizent0_.text as text2_2_0_, quizent0_.title as title3_2_0_, quizent0_.userid as userid4_2_0_, user1_.userid as userid1_6_1_, user1_.email as email2_6_1_, user1_.password as password3_6_1_ from quiz quizent0_ left outer join user user1_ on quizent0_.userid=user1_.userid where quizent0_.quizid=?
?[1;31m
Start test 220?[0m
Hibernate: select user0_.userid as userid1_6_, user0_.email as email2_6_, user0_.password as password3_6_ from user user0_ where user0_.email=?
Hibernate: select quizent0_.quizid as quizid1_2_0_, quizent0_.text as text2_2_0_, quizent0_.title as title3_2_0_, quizent0_.userid as userid4_2_0_, user1_.userid as userid1_6_1_, user1_.email as email2_6_1_, user1_.password as password3_6_1_ from quiz quizent0_ left outer join user user1_ on quizent0_.userid=user1_.userid where quizent0_.quizid=?
?[1;31m
Start test 221?[0m
Hibernate: select user0_.userid as userid1_6_, user0_.email as email2_6_, user0_.password as password3_6_ from user user0_ where user0_.email=?
Hibernate: select user0_.userid as userid1_6_, user0_.email as email2_6_, user0_.password as password3_6_ from user user0_ where user0_.email=?
Hibernate: insert into quiz (quizid, text, title, userid) values (null, ?, ?, ?)
Hibernate: insert into quiz_ent_answer (quiz_ent_quizid, answer) values (?, ?)
Hibernate: insert into quiz_ent_answer (quiz_ent_quizid, answer) values (?, ?)
Hibernate: insert into quiz_ent_answer (quiz_ent_quizid, answer) values (?, ?)
Hibernate: insert into quiz_ent_options (quiz_ent_quizid, options) values (?, ?)
Hibernate: insert into quiz_ent_options (quiz_ent_quizid, options) values (?, ?)
Hibernate: insert into quiz_ent_options (quiz_ent_quizid, options) values (?, ?)
Hibernate: insert into quiz_ent_options (quiz_ent_quizid, options) values (?, ?)
?[1;31m
Start test 222?[0m
Hibernate: select user0_.userid as userid1_6_, user0_.email as email2_6_, user0_.password as password3_6_ from user user0_ where user0_.email=?
Hibernate: select user0_.userid as userid1_6_, user0_.email as email2_6_, user0_.password as password3_6_ from user user0_ where user0_.email=?
Hibernate: insert into quiz (quizid, text, title, userid) values (null, ?, ?, ?)
Hibernate: insert into quiz_ent_answer (quiz_ent_quizid, answer) values (?, ?)
Hibernate: insert into quiz_ent_answer (quiz_ent_quizid, answer) values (?, ?)
Hibernate: insert into quiz_ent_answer (quiz_ent_quizid, answer) values (?, ?)
Hibernate: insert into quiz_ent_options (quiz_ent_quizid, options) values (?, ?)
Hibernate: insert into quiz_ent_options (quiz_ent_quizid, options) values (?, ?)
Hibernate: insert into quiz_ent_options (quiz_ent_quizid, options) values (?, ?)
Hibernate: insert into quiz_ent_options (quiz_ent_quizid, options) values (?, ?)
?[1;31m
Start test 223?[0m
Hibernate: select user0_.userid as userid1_6_, user0_.email as email2_6_, user0_.password as password3_6_ from user user0_ where user0_.email=?
Hibernate: select user0_.userid as userid1_6_, user0_.email as email2_6_, user0_.password as password3_6_ from user user0_ where user0_.email=?
Hibernate: insert into quiz (quizid, text, title, userid) values (null, ?, ?, ?)
Hibernate: insert into quiz_ent_answer (quiz_ent_quizid, answer) values (?, ?)
Hibernate: insert into quiz_ent_answer (quiz_ent_quizid, answer) values (?, ?)
Hibernate: insert into quiz_ent_answer (quiz_ent_quizid, answer) values (?, ?)
Hibernate: insert into quiz_ent_options (quiz_ent_quizid, options) values (?, ?)
Hibernate: insert into quiz_ent_options (quiz_ent_quizid, options) values (?, ?)
Hibernate: insert into quiz_ent_options (quiz_ent_quizid, options) values (?, ?)
Hibernate: insert into quiz_ent_options (quiz_ent_quizid, options) values (?, ?)
?[1;31m
Start test 224?[0m
Hibernate: select user0_.userid as userid1_6_, user0_.email as email2_6_, user0_.password as password3_6_ from user user0_ where user0_.email=?
Hibernate: select user0_.userid as userid1_6_, user0_.email as email2_6_, user0_.password as password3_6_ from user user0_ where user0_.email=?
Hibernate: insert into quiz (quizid, text, title, userid) values (null, ?, ?, ?)
Hibernate: insert into quiz_ent_answer (quiz_ent_quizid, answer) values (?, ?)
Hibernate: insert into quiz_ent_answer (quiz_ent_quizid, answer) values (?, ?)
Hibernate: insert into quiz_ent_answer (quiz_ent_quizid, answer) values (?, ?)
Hibernate: insert into quiz_ent_options (quiz_ent_quizid, options) values (?, ?)
Hibernate: insert into quiz_ent_options (quiz_ent_quizid, options) values (?, ?)
Hibernate: insert into quiz_ent_options (quiz_ent_quizid, options) values (?, ?)
Hibernate: insert into quiz_ent_options (quiz_ent_quizid, options) values (?, ?)
?[1;31m
Start test 225?[0m
Hibernate: select user0_.userid as userid1_6_, user0_.email as email2_6_, user0_.password as password3_6_ from user user0_ where user0_.email=?
Hibernate: select user0_.userid as userid1_6_, user0_.email as email2_6_, user0_.password as password3_6_ from user user0_ where user0_.email=?
Hibernate: insert into quiz (quizid, text, title, userid) values (null, ?, ?, ?)
Hibernate: insert into quiz_ent_answer (quiz_ent_quizid, answer) values (?, ?)
Hibernate: insert into quiz_ent_answer (quiz_ent_quizid, answer) values (?, ?)
Hibernate: insert into quiz_ent_answer (quiz_ent_quizid, answer) values (?, ?)
Hibernate: insert into quiz_ent_options (quiz_ent_quizid, options) values (?, ?)
Hibernate: insert into quiz_ent_options (quiz_ent_quizid, options) values (?, ?)
Hibernate: insert into quiz_ent_options (quiz_ent_quizid, options) values (?, ?)
Hibernate: insert into quiz_ent_options (quiz_ent_quizid, options) values (?, ?)
?[1;31m
Start test 226?[0m
Hibernate: select user0_.userid as userid1_6_, user0_.email as email2_6_, user0_.password as password3_6_ from user user0_ where user0_.email=?
Hibernate: select user0_.userid as userid1_6_, user0_.email as email2_6_, user0_.password as password3_6_ from user user0_ where user0_.email=?
Hibernate: insert into quiz (quizid, text, title, userid) values (null, ?, ?, ?)
Hibernate: insert into quiz_ent_answer (quiz_ent_quizid, answer) values (?, ?)
Hibernate: insert into quiz_ent_answer (quiz_ent_quizid, answer) values (?, ?)
Hibernate: insert into quiz_ent_answer (quiz_ent_quizid, answer) values (?, ?)
Hibernate: insert into quiz_ent_options (quiz_ent_quizid, options) values (?, ?)
Hibernate: insert into quiz_ent_options (quiz_ent_quizid, options) values (?, ?)
Hibernate: insert into quiz_ent_options (quiz_ent_quizid, options) values (?, ?)
Hibernate: insert into quiz_ent_options (quiz_ent_quizid, options) values (?, ?)
?[1;31m
Start test 227?[0m
Hibernate: select user0_.userid as userid1_6_, user0_.email as email2_6_, user0_.password as password3_6_ from user user0_ where user0_.email=?
Hibernate: select user0_.userid as userid1_6_, user0_.email as email2_6_, user0_.password as password3_6_ from user user0_ where user0_.email=?
Hibernate: insert into quiz (quizid, text, title, userid) values (null, ?, ?, ?)
Hibernate: insert into quiz_ent_answer (quiz_ent_quizid, answer) values (?, ?)
Hibernate: insert into quiz_ent_answer (quiz_ent_quizid, answer) values (?, ?)
Hibernate: insert into quiz_ent_answer (quiz_ent_quizid, answer) values (?, ?)
Hibernate: insert into quiz_ent_options (quiz_ent_quizid, options) values (?, ?)
Hibernate: insert into quiz_ent_options (quiz_ent_quizid, options) values (?, ?)
Hibernate: insert into quiz_ent_options (quiz_ent_quizid, options) values (?, ?)
Hibernate: insert into quiz_ent_options (quiz_ent_quizid, options) values (?, ?)
?[1;31m
Start test 228?[0m
Hibernate: select user0_.userid as userid1_6_, user0_.email as email2_6_, user0_.password as password3_6_ from user user0_ where user0_.email=?
Hibernate: select user0_.userid as userid1_6_, user0_.email as email2_6_, user0_.password as password3_6_ from user user0_ where user0_.email=?
Hibernate: insert into quiz (quizid, text, title, userid) values (null, ?, ?, ?)
Hibernate: insert into quiz_ent_answer (quiz_ent_quizid, answer) values (?, ?)
Hibernate: insert into quiz_ent_answer (quiz_ent_quizid, answer) values (?, ?)
Hibernate: insert into quiz_ent_answer (quiz_ent_quizid, answer) values (?, ?)
Hibernate: insert into quiz_ent_options (quiz_ent_quizid, options) values (?, ?)
Hibernate: insert into quiz_ent_options (quiz_ent_quizid, options) values (?, ?)
Hibernate: insert into quiz_ent_options (quiz_ent_quizid, options) values (?, ?)
Hibernate: insert into quiz_ent_options (quiz_ent_quizid, options) values (?, ?)
?[1;31m
Start test 229?[0m
Hibernate: select user0_.userid as userid1_6_, user0_.email as email2_6_, user0_.password as password3_6_ from user user0_ where user0_.email=?
Hibernate: select user0_.userid as userid1_6_, user0_.email as email2_6_, user0_.password as password3_6_ from user user0_ where user0_.email=?
Hibernate: insert into quiz (quizid, text, title, userid) values (null, ?, ?, ?)
Hibernate: insert into quiz_ent_answer (quiz_ent_quizid, answer) values (?, ?)
Hibernate: insert into quiz_ent_answer (quiz_ent_quizid, answer) values (?, ?)
Hibernate: insert into quiz_ent_answer (quiz_ent_quizid, answer) values (?, ?)
Hibernate: insert into quiz_ent_options (quiz_ent_quizid, options) values (?, ?)
Hibernate: insert into quiz_ent_options (quiz_ent_quizid, options) values (?, ?)
Hibernate: insert into quiz_ent_options (quiz_ent_quizid, options) values (?, ?)
Hibernate: insert into quiz_ent_options (quiz_ent_quizid, options) values (?, ?)
?[1;31m
Start test 230?[0m
Hibernate: select user0_.userid as userid1_6_, user0_.email as email2_6_, user0_.password as password3_6_ from user user0_ where user0_.email=?
Hibernate: select user0_.userid as userid1_6_, user0_.email as email2_6_, user0_.password as password3_6_ from user user0_ where user0_.email=?
Hibernate: insert into quiz (quizid, text, title, userid) values (null, ?, ?, ?)
Hibernate: insert into quiz_ent_answer (quiz_ent_quizid, answer) values (?, ?)
Hibernate: insert into quiz_ent_answer (quiz_ent_quizid, answer) values (?, ?)
Hibernate: insert into quiz_ent_answer (quiz_ent_quizid, answer) values (?, ?)
Hibernate: insert into quiz_ent_options (quiz_ent_quizid, options) values (?, ?)
Hibernate: insert into quiz_ent_options (quiz_ent_quizid, options) values (?, ?)
Hibernate: insert into quiz_ent_options (quiz_ent_quizid, options) values (?, ?)
Hibernate: insert into quiz_ent_options (quiz_ent_quizid, options) values (?, ?)
?[1;31m
Start test 231?[0m
Hibernate: select user0_.userid as userid1_6_, user0_.email as email2_6_, user0_.password as password3_6_ from user user0_ where user0_.email=?
Hibernate: select quizent0_.quizid as quizid1_2_, quizent0_.text as text2_2_, quizent0_.title as title3_2_, quizent0_.userid as userid4_2_ from quiz quizent0_ limit ?
Hibernate: select user0_.userid as userid1_6_0_, user0_.email as email2_6_0_, user0_.password as password3_6_0_ from user user0_ where user0_.userid=?
Hibernate: select user0_.userid as userid1_6_0_, user0_.email as email2_6_0_, user0_.password as password3_6_0_ from user user0_ where user0_.userid=?
Hibernate: select count(quizent0_.quizid) as col_0_0_ from quiz quizent0_
Hibernate: select options0_.quiz_ent_quizid as quiz_ent1_5_0_, options0_.options as options2_5_0_ from quiz_ent_options options0_ where options0_.quiz_ent_quizid=?
Hibernate: select options0_.quiz_ent_quizid as quiz_ent1_5_0_, options0_.options as options2_5_0_ from quiz_ent_options options0_ where options0_.quiz_ent_quizid=?
Hibernate: select options0_.quiz_ent_quizid as quiz_ent1_5_0_, options0_.options as options2_5_0_ from quiz_ent_options options0_ where options0_.quiz_ent_quizid=?
Hibernate: select options0_.quiz_ent_quizid as quiz_ent1_5_0_, options0_.options as options2_5_0_ from quiz_ent_options options0_ where options0_.quiz_ent_quizid=?
Hibernate: select options0_.quiz_ent_quizid as quiz_ent1_5_0_, options0_.options as options2_5_0_ from quiz_ent_options options0_ where options0_.quiz_ent_quizid=?
Hibernate: select options0_.quiz_ent_quizid as quiz_ent1_5_0_, options0_.options as options2_5_0_ from quiz_ent_options options0_ where options0_.quiz_ent_quizid=?
Hibernate: select options0_.quiz_ent_quizid as quiz_ent1_5_0_, options0_.options as options2_5_0_ from quiz_ent_options options0_ where options0_.quiz_ent_quizid=?
Hibernate: select options0_.quiz_ent_quizid as quiz_ent1_5_0_, options0_.options as options2_5_0_ from quiz_ent_options options0_ where options0_.quiz_ent_quizid=?
Hibernate: select options0_.quiz_ent_quizid as quiz_ent1_5_0_, options0_.options as options2_5_0_ from quiz_ent_options options0_ where options0_.quiz_ent_quizid=?
Hibernate: select options0_.quiz_ent_quizid as quiz_ent1_5_0_, options0_.options as options2_5_0_ from quiz_ent_options options0_ where options0_.quiz_ent_quizid=?
?[1;31m
Start test 232?[0m
Hibernate: select user0_.userid as userid1_6_, user0_.email as email2_6_, user0_.password as password3_6_ from user user0_ where user0_.email=?
Hibernate: select quizent0_.quizid as quizid1_2_, quizent0_.text as text2_2_, quizent0_.title as title3_2_, quizent0_.userid as userid4_2_ from quiz quizent0_ limit ?
Hibernate: select user0_.userid as userid1_6_0_, user0_.email as email2_6_0_, user0_.password as password3_6_0_ from user user0_ where user0_.userid=?
Hibernate: select user0_.userid as userid1_6_0_, user0_.email as email2_6_0_, user0_.password as password3_6_0_ from user user0_ where user0_.userid=?
Hibernate: select count(quizent0_.quizid) as col_0_0_ from quiz quizent0_
Hibernate: select options0_.quiz_ent_quizid as quiz_ent1_5_0_, options0_.options as options2_5_0_ from quiz_ent_options options0_ where options0_.quiz_ent_quizid=?
Hibernate: select options0_.quiz_ent_quizid as quiz_ent1_5_0_, options0_.options as options2_5_0_ from quiz_ent_options options0_ where options0_.quiz_ent_quizid=?
Hibernate: select options0_.quiz_ent_quizid as quiz_ent1_5_0_, options0_.options as options2_5_0_ from quiz_ent_options options0_ where options0_.quiz_ent_quizid=?
Hibernate: select options0_.quiz_ent_quizid as quiz_ent1_5_0_, options0_.options as options2_5_0_ from quiz_ent_options options0_ where options0_.quiz_ent_quizid=?
Hibernate: select options0_.quiz_ent_quizid as quiz_ent1_5_0_, options0_.options as options2_5_0_ from quiz_ent_options options0_ where options0_.quiz_ent_quizid=?
Hibernate: select options0_.quiz_ent_quizid as quiz_ent1_5_0_, options0_.options as options2_5_0_ from quiz_ent_options options0_ where options0_.quiz_ent_quizid=?
Hibernate: select options0_.quiz_ent_quizid as quiz_ent1_5_0_, options0_.options as options2_5_0_ from quiz_ent_options options0_ where options0_.quiz_ent_quizid=?
Hibernate: select options0_.quiz_ent_quizid as quiz_ent1_5_0_, options0_.options as options2_5_0_ from quiz_ent_options options0_ where options0_.quiz_ent_quizid=?
Hibernate: select options0_.quiz_ent_quizid as quiz_ent1_5_0_, options0_.options as options2_5_0_ from quiz_ent_options options0_ where options0_.quiz_ent_quizid=?
Hibernate: select options0_.quiz_ent_quizid as quiz_ent1_5_0_, options0_.options as options2_5_0_ from quiz_ent_options options0_ where options0_.quiz_ent_quizid=?
?[1;31m
Start test 233?[0m
Hibernate: select user0_.userid as userid1_6_, user0_.email as email2_6_, user0_.password as password3_6_ from user user0_ where user0_.email=?
Hibernate: select quizent0_.quizid as quizid1_2_, quizent0_.text as text2_2_, quizent0_.title as title3_2_, quizent0_.userid as userid4_2_ from quiz quizent0_ limit ? offset ?
Hibernate: select user0_.userid as userid1_6_0_, user0_.email as email2_6_0_, user0_.password as password3_6_0_ from user user0_ where user0_.userid=?
Hibernate: select user0_.userid as userid1_6_0_, user0_.email as email2_6_0_, user0_.password as password3_6_0_ from user user0_ where user0_.userid=?
Hibernate: select options0_.quiz_ent_quizid as quiz_ent1_5_0_, options0_.options as options2_5_0_ from quiz_ent_options options0_ where options0_.quiz_ent_quizid=?
Hibernate: select options0_.quiz_ent_quizid as quiz_ent1_5_0_, options0_.options as options2_5_0_ from quiz_ent_options options0_ where options0_.quiz_ent_quizid=?
Hibernate: select options0_.quiz_ent_quizid as quiz_ent1_5_0_, options0_.options as options2_5_0_ from quiz_ent_options options0_ where options0_.quiz_ent_quizid=?
Hibernate: select options0_.quiz_ent_quizid as quiz_ent1_5_0_, options0_.options as options2_5_0_ from quiz_ent_options options0_ where options0_.quiz_ent_quizid=?
Hibernate: select options0_.quiz_ent_quizid as quiz_ent1_5_0_, options0_.options as options2_5_0_ from quiz_ent_options options0_ where options0_.quiz_ent_quizid=?
?[1;31m
Start test 234?[0m
Hibernate: select user0_.userid as userid1_6_, user0_.email as email2_6_, user0_.password as password3_6_ from user user0_ where user0_.email=?
Hibernate: select quizent0_.quizid as quizid1_2_, quizent0_.text as text2_2_, quizent0_.title as title3_2_, quizent0_.userid as userid4_2_ from quiz quizent0_ limit ? offset ?
Hibernate: select user0_.userid as userid1_6_0_, user0_.email as email2_6_0_, user0_.password as password3_6_0_ from user user0_ where user0_.userid=?
Hibernate: select user0_.userid as userid1_6_0_, user0_.email as email2_6_0_, user0_.password as password3_6_0_ from user user0_ where user0_.userid=?
Hibernate: select options0_.quiz_ent_quizid as quiz_ent1_5_0_, options0_.options as options2_5_0_ from quiz_ent_options options0_ where options0_.quiz_ent_quizid=?
Hibernate: select options0_.quiz_ent_quizid as quiz_ent1_5_0_, options0_.options as options2_5_0_ from quiz_ent_options options0_ where options0_.quiz_ent_quizid=?
Hibernate: select options0_.quiz_ent_quizid as quiz_ent1_5_0_, options0_.options as options2_5_0_ from quiz_ent_options options0_ where options0_.quiz_ent_quizid=?
Hibernate: select options0_.quiz_ent_quizid as quiz_ent1_5_0_, options0_.options as options2_5_0_ from quiz_ent_options options0_ where options0_.quiz_ent_quizid=?
Hibernate: select options0_.quiz_ent_quizid as quiz_ent1_5_0_, options0_.options as options2_5_0_ from quiz_ent_options options0_ where options0_.quiz_ent_quizid=?
]]></system-out>
  <system-err><![CDATA[]]></system-err>
</testsuite>
